[ 2015-07-08T13:53:20+08:00 ] ::1 /academic/index.php/admin_manage/images/loading.gif
INFO: [ app_init ] --START--
INFO: Run Behavior\BuildLiteBehavior [ RunTime:0.000137s ]
INFO: [ app_init ] --END-- [ RunTime:0.002355s ]
ERR: 无法加载模块:Admin_manage

[ 2015-07-08T13:53:20+08:00 ] ::1 /academic/index.php/js/upload.js
INFO: [ app_init ] --START--
INFO: Run Behavior\BuildLiteBehavior [ RunTime:0.000119s ]
INFO: [ app_init ] --END-- [ RunTime:0.002614s ]
ERR: 无法加载模块:Js

[ 2015-07-08T13:53:20+08:00 ] ::1 /academic/index.php/admin_manage/images/loading.gif
INFO: [ app_init ] --START--
INFO: Run Behavior\BuildLiteBehavior [ RunTime:0.000139s ]
INFO: [ app_init ] --END-- [ RunTime:0.005512s ]
ERR: 无法加载模块:Admin_manage

[ 2015-07-08T15:23:26+08:00 ] ::1 /academic/Public/images/square.gif
INFO: [ app_init ] --START--
INFO: Run Behavior\BuildLiteBehavior [ RunTime:0.000111s ]
INFO: [ app_init ] --END-- [ RunTime:0.001603s ]
ERR: 无法加载模块:Public

[ 2015-07-08T15:23:27+08:00 ] ::1 /academic/Public/images/square.gif
INFO: [ app_init ] --START--
INFO: Run Behavior\BuildLiteBehavior [ RunTime:0.000067s ]
INFO: [ app_init ] --END-- [ RunTime:0.001647s ]
ERR: 无法加载模块:Public

[ 2015-07-08T15:31:13+08:00 ] ::1 /academic/Public/images/square.gif
INFO: [ app_init ] --START--
INFO: Run Behavior\BuildLiteBehavior [ RunTime:0.000137s ]
INFO: [ app_init ] --END-- [ RunTime:0.002436s ]
ERR: 无法加载模块:Public

[ 2015-07-08T15:31:14+08:00 ] ::1 /academic/Public/images/square.gif
INFO: [ app_init ] --START--
INFO: Run Behavior\BuildLiteBehavior [ RunTime:0.000117s ]
INFO: [ app_init ] --END-- [ RunTime:0.001577s ]
ERR: 无法加载模块:Public

[ 2015-07-08T15:33:31+08:00 ] ::1 /academic/Public/images/square.gif
INFO: [ app_init ] --START--
INFO: Run Behavior\BuildLiteBehavior [ RunTime:0.000164s ]
INFO: [ app_init ] --END-- [ RunTime:0.002252s ]
ERR: 无法加载模块:Public

[ 2015-07-08T15:40:06+08:00 ] ::1 /academic/index.php/admin_manage/images/loading.gif
INFO: [ app_init ] --START--
INFO: Run Behavior\BuildLiteBehavior [ RunTime:0.000118s ]
INFO: [ app_init ] --END-- [ RunTime:0.001885s ]
ERR: 无法加载模块:Admin_manage

[ 2015-07-08T15:40:06+08:00 ] ::1 /academic/index.php/js/upload.js
INFO: [ app_init ] --START--
INFO: Run Behavior\BuildLiteBehavior [ RunTime:0.000065s ]
INFO: [ app_init ] --END-- [ RunTime:0.001504s ]
ERR: 无法加载模块:Js

[ 2015-07-08T15:40:07+08:00 ] ::1 /academic/index.php/admin_manage/images/loading.gif
INFO: [ app_init ] --START--
INFO: Run Behavior\BuildLiteBehavior [ RunTime:0.000067s ]
INFO: [ app_init ] --END-- [ RunTime:0.001430s ]
ERR: 无法加载模块:Admin_manage

[ 2015-07-08T15:40:18+08:00 ] ::1 /academic/Public/images/square.gif
INFO: [ app_init ] --START--
INFO: Run Behavior\BuildLiteBehavior [ RunTime:0.000160s ]
INFO: [ app_init ] --END-- [ RunTime:0.002321s ]
ERR: 无法加载模块:Public

[ 2015-07-08T15:40:23+08:00 ] ::1 /academic/index.php/js/upload.js
INFO: [ app_init ] --START--
INFO: Run Behavior\BuildLiteBehavior [ RunTime:0.000119s ]
INFO: [ app_init ] --END-- [ RunTime:0.002131s ]
ERR: 无法加载模块:Js

[ 2015-07-08T15:40:23+08:00 ] ::1 /academic/index.php/admin_manage/images/loading.gif
INFO: [ app_init ] --START--
INFO: Run Behavior\BuildLiteBehavior [ RunTime:0.000105s ]
INFO: [ app_init ] --END-- [ RunTime:0.001797s ]
ERR: 无法加载模块:Admin_manage

[ 2015-07-08T15:40:25+08:00 ] ::1 /academic/Public/images/square.gif
INFO: [ app_init ] --START--
INFO: Run Behavior\BuildLiteBehavior [ RunTime:0.000122s ]
INFO: [ app_init ] --END-- [ RunTime:0.003015s ]
ERR: 无法加载模块:Public

[ 2015-07-08T17:37:48+08:00 ] ::1 /academic/Public/images/square.gif
INFO: [ app_init ] --START--
INFO: Run Behavior\BuildLiteBehavior [ RunTime:0.000473s ]
INFO: [ app_init ] --END-- [ RunTime:0.004920s ]
ERR: 无法加载模块:Public

[ 2015-07-08T17:37:49+08:00 ] ::1 /academic/Public/images/square.gif
INFO: [ app_init ] --START--
INFO: Run Behavior\BuildLiteBehavior [ RunTime:0.000197s ]
INFO: [ app_init ] --END-- [ RunTime:0.004864s ]
ERR: 无法加载模块:Public

[ 2015-07-08T17:43:49+08:00 ] ::1 /academic/Public/images/square.gif
INFO: [ app_init ] --START--
INFO: Run Behavior\BuildLiteBehavior [ RunTime:0.000128s ]
INFO: [ app_init ] --END-- [ RunTime:0.009915s ]
ERR: 无法加载模块:Public

[ 2015-07-08T17:43:49+08:00 ] ::1 /academic/Public/images/square.gif
INFO: [ app_init ] --START--
INFO: Run Behavior\BuildLiteBehavior [ RunTime:0.000106s ]
INFO: [ app_init ] --END-- [ RunTime:0.002813s ]
ERR: 无法加载模块:Public

[ 2015-07-08T18:36:53+08:00 ] ::1 /academic/Public/images/square.gif
INFO: [ app_init ] --START--
INFO: Run Behavior\BuildLiteBehavior [ RunTime:0.000141s ]
INFO: [ app_init ] --END-- [ RunTime:0.002226s ]
ERR: 无法加载模块:Public

[ 2015-07-08T18:37:49+08:00 ] ::1 /academic/Public/images/square.gif
INFO: [ app_init ] --START--
INFO: Run Behavior\BuildLiteBehavior [ RunTime:0.000394s ]
INFO: [ app_init ] --END-- [ RunTime:0.003986s ]
ERR: 无法加载模块:Public

[ 2015-07-08T18:37:55+08:00 ] ::1 /academic/Public/images/square.gif
INFO: [ app_init ] --START--
INFO: Run Behavior\BuildLiteBehavior [ RunTime:0.000109s ]
INFO: [ app_init ] --END-- [ RunTime:0.001867s ]
ERR: 无法加载模块:Public

[ 2015-07-08T18:37:59+08:00 ] ::1 /academic/Public/images/square.gif
INFO: [ app_init ] --START--
INFO: Run Behavior\BuildLiteBehavior [ RunTime:0.000124s ]
INFO: [ app_init ] --END-- [ RunTime:0.002116s ]
ERR: 无法加载模块:Public

[ 2015-07-08T18:57:49+08:00 ] ::1 /academic/Public/images/square.gif
INFO: [ app_init ] --START--
INFO: Run Behavior\BuildLiteBehavior [ RunTime:0.000115s ]
INFO: [ app_init ] --END-- [ RunTime:0.001891s ]
ERR: 无法加载模块:Public

[ 2015-07-08T19:02:44+08:00 ] ::1 /academic/Public/images/square.gif
INFO: [ app_init ] --START--
INFO: Run Behavior\BuildLiteBehavior [ RunTime:0.000110s ]
INFO: [ app_init ] --END-- [ RunTime:0.001429s ]
ERR: 无法加载模块:Public

[ 2015-07-08T19:04:16+08:00 ] ::1 /academic/Public/images/square.gif
INFO: [ app_init ] --START--
INFO: Run Behavior\BuildLiteBehavior [ RunTime:0.000116s ]
INFO: [ app_init ] --END-- [ RunTime:0.001973s ]
ERR: 无法加载模块:Public

[ 2015-07-08T19:04:38+08:00 ] ::1 /academic/Public/images/square.gif
INFO: [ app_init ] --START--
INFO: Run Behavior\BuildLiteBehavior [ RunTime:0.000099s ]
INFO: [ app_init ] --END-- [ RunTime:0.001637s ]
ERR: 无法加载模块:Public

[ 2015-07-08T19:05:58+08:00 ] ::1 /academic/Public/images/square.gif
INFO: [ app_init ] --START--
INFO: Run Behavior\BuildLiteBehavior [ RunTime:0.000121s ]
INFO: [ app_init ] --END-- [ RunTime:0.002137s ]
ERR: 无法加载模块:Public

[ 2015-07-08T19:15:22+08:00 ] ::1 /academic/Public/images/square.gif
INFO: [ app_init ] --START--
INFO: Run Behavior\BuildLiteBehavior [ RunTime:0.000115s ]
INFO: [ app_init ] --END-- [ RunTime:0.001965s ]
ERR: 无法加载模块:Public

[ 2015-07-08T19:15:24+08:00 ] ::1 /academic/Public/images/square.gif
INFO: [ app_init ] --START--
INFO: Run Behavior\BuildLiteBehavior [ RunTime:0.000118s ]
INFO: [ app_init ] --END-- [ RunTime:0.002198s ]
ERR: 无法加载模块:Public

[ 2015-07-08T19:15:27+08:00 ] ::1 /academic/Public/images/square.gif
INFO: [ app_init ] --START--
INFO: Run Behavior\BuildLiteBehavior [ RunTime:0.000128s ]
INFO: [ app_init ] --END-- [ RunTime:0.002047s ]
ERR: 无法加载模块:Public

[ 2015-07-08T19:15:36+08:00 ] ::1 /academic/Public/images/square.gif
INFO: [ app_init ] --START--
INFO: Run Behavior\BuildLiteBehavior [ RunTime:0.000118s ]
INFO: [ app_init ] --END-- [ RunTime:0.001889s ]
ERR: 无法加载模块:Public

[ 2015-07-08T19:18:29+08:00 ] ::1 /academic/Public/bootstrap/js/jquery.js
INFO: [ app_init ] --START--
INFO: Run Behavior\BuildLiteBehavior [ RunTime:0.000089s ]
INFO: [ app_init ] --END-- [ RunTime:0.001345s ]
ERR: 无法加载模块:Public

[ 2015-07-08T19:18:29+08:00 ] ::1 /academic/Public/images/square.gif
INFO: [ app_init ] --START--
INFO: Run Behavior\BuildLiteBehavior [ RunTime:0.000107s ]
INFO: [ app_init ] --END-- [ RunTime:0.002867s ]
ERR: 无法加载模块:Public

[ 2015-07-08T19:18:32+08:00 ] ::1 /academic/Public/bootstrap/js/jquery.js
INFO: [ app_init ] --START--
INFO: Run Behavior\BuildLiteBehavior [ RunTime:0.000114s ]
INFO: [ app_init ] --END-- [ RunTime:0.001921s ]
ERR: 无法加载模块:Public

[ 2015-07-08T19:18:32+08:00 ] ::1 /academic/Public/images/square.gif
INFO: [ app_init ] --START--
INFO: Run Behavior\BuildLiteBehavior [ RunTime:0.000116s ]
INFO: [ app_init ] --END-- [ RunTime:0.001860s ]
ERR: 无法加载模块:Public

[ 2015-07-08T19:18:34+08:00 ] ::1 /academic/Public/bootstrap/js/jquery.js
INFO: [ app_init ] --START--
INFO: Run Behavior\BuildLiteBehavior [ RunTime:0.000075s ]
INFO: [ app_init ] --END-- [ RunTime:0.001847s ]
ERR: 无法加载模块:Public

[ 2015-07-08T19:18:34+08:00 ] ::1 /academic/Public/images/square.gif
INFO: [ app_init ] --START--
INFO: Run Behavior\BuildLiteBehavior [ RunTime:0.000129s ]
INFO: [ app_init ] --END-- [ RunTime:0.002159s ]
ERR: 无法加载模块:Public

[ 2015-07-08T19:18:36+08:00 ] ::1 /academic/Public/bootstrap/js/jquery.js
INFO: [ app_init ] --START--
INFO: Run Behavior\BuildLiteBehavior [ RunTime:0.000133s ]
INFO: [ app_init ] --END-- [ RunTime:0.004063s ]
ERR: 无法加载模块:Public

[ 2015-07-08T19:18:36+08:00 ] ::1 /academic/Public/images/square.gif
INFO: [ app_init ] --START--
INFO: Run Behavior\BuildLiteBehavior [ RunTime:0.000110s ]
INFO: [ app_init ] --END-- [ RunTime:0.001937s ]
ERR: 无法加载模块:Public

[ 2015-07-08T19:19:27+08:00 ] ::1 /academic/Public/bootstrap/js/jquery.js
INFO: [ app_init ] --START--
INFO: Run Behavior\BuildLiteBehavior [ RunTime:0.000124s ]
INFO: [ app_init ] --END-- [ RunTime:0.002060s ]
ERR: 无法加载模块:Public

[ 2015-07-08T19:19:28+08:00 ] ::1 /academic/Public/images/square.gif
INFO: [ app_init ] --START--
INFO: Run Behavior\BuildLiteBehavior [ RunTime:0.000115s ]
INFO: [ app_init ] --END-- [ RunTime:0.001982s ]
ERR: 无法加载模块:Public

[ 2015-07-08T19:19:31+08:00 ] ::1 /academic/Public/bootstrap/js/jquery.js
INFO: [ app_init ] --START--
INFO: Run Behavior\BuildLiteBehavior [ RunTime:0.000113s ]
INFO: [ app_init ] --END-- [ RunTime:0.002033s ]
ERR: 无法加载模块:Public

[ 2015-07-08T19:19:31+08:00 ] ::1 /academic/Public/images/square.gif
INFO: [ app_init ] --START--
INFO: Run Behavior\BuildLiteBehavior [ RunTime:0.000122s ]
INFO: [ app_init ] --END-- [ RunTime:0.001905s ]
ERR: 无法加载模块:Public

[ 2015-07-08T19:22:18+08:00 ] ::1 /academic/Public/images/square.gif
INFO: [ app_init ] --START--
INFO: Run Behavior\BuildLiteBehavior [ RunTime:0.000110s ]
INFO: [ app_init ] --END-- [ RunTime:0.002214s ]
ERR: 无法加载模块:Public

[ 2015-07-08T19:22:18+08:00 ] ::1 /academic/Public/bootstrap/js/jquery.js
INFO: [ app_init ] --START--
INFO: Run Behavior\BuildLiteBehavior [ RunTime:0.000118s ]
INFO: [ app_init ] --END-- [ RunTime:0.002402s ]
ERR: 无法加载模块:Public

[ 2015-07-08T19:22:19+08:00 ] ::1 /academic/Public/images/square.gif
INFO: [ app_init ] --START--
INFO: Run Behavior\BuildLiteBehavior [ RunTime:0.000111s ]
INFO: [ app_init ] --END-- [ RunTime:0.002297s ]
ERR: 无法加载模块:Public

[ 2015-07-08T19:27:09+08:00 ] ::1 /academic/Public/images/square.gif
INFO: [ app_init ] --START--
INFO: Run Behavior\BuildLiteBehavior [ RunTime:0.000150s ]
INFO: [ app_init ] --END-- [ RunTime:0.002546s ]
ERR: 无法加载模块:Public

[ 2015-07-08T19:27:09+08:00 ] ::1 /academic/Public/bootstrap/js/jquery.js
INFO: [ app_init ] --START--
INFO: Run Behavior\BuildLiteBehavior [ RunTime:0.000132s ]
INFO: [ app_init ] --END-- [ RunTime:0.002226s ]
ERR: 无法加载模块:Public

[ 2015-07-08T19:27:10+08:00 ] ::1 /academic/Public/images/square.gif
INFO: [ app_init ] --START--
INFO: Run Behavior\BuildLiteBehavior [ RunTime:0.000158s ]
INFO: [ app_init ] --END-- [ RunTime:0.001979s ]
ERR: 无法加载模块:Public

[ 2015-07-08T19:31:21+08:00 ] ::1 /academic/Public/bootstrap/js/jquery.js
INFO: [ app_init ] --START--
INFO: Run Behavior\BuildLiteBehavior [ RunTime:0.000111s ]
INFO: [ app_init ] --END-- [ RunTime:0.002069s ]
ERR: 无法加载模块:Public

[ 2015-07-08T19:31:21+08:00 ] ::1 /academic/Public/images/square.gif
INFO: [ app_init ] --START--
INFO: Run Behavior\BuildLiteBehavior [ RunTime:0.000114s ]
INFO: [ app_init ] --END-- [ RunTime:0.007552s ]
ERR: 无法加载模块:Public

[ 2015-07-08T19:48:24+08:00 ] ::1 /academic/Public/images/square.gif
INFO: [ app_init ] --START--
INFO: Run Behavior\BuildLiteBehavior [ RunTime:0.000186s ]
INFO: [ app_init ] --END-- [ RunTime:0.002386s ]
ERR: 无法加载模块:Public

[ 2015-07-08T19:48:24+08:00 ] ::1 /academic/Public/bootstrap/js/jquery.js
INFO: [ app_init ] --START--
INFO: Run Behavior\BuildLiteBehavior [ RunTime:0.000138s ]
INFO: [ app_init ] --END-- [ RunTime:0.002155s ]
ERR: 无法加载模块:Public

[ 2015-07-08T19:48:25+08:00 ] ::1 /academic/Public/images/square.gif
INFO: [ app_init ] --START--
INFO: Run Behavior\BuildLiteBehavior [ RunTime:0.000064s ]
INFO: [ app_init ] --END-- [ RunTime:0.001274s ]
ERR: 无法加载模块:Public

[ 2015-07-08T19:48:29+08:00 ] ::1 /academic/Public/bootstrap/js/jquery.js
INFO: [ app_init ] --START--
INFO: Run Behavior\BuildLiteBehavior [ RunTime:0.000156s ]
INFO: [ app_init ] --END-- [ RunTime:0.001773s ]
ERR: 无法加载模块:Public

[ 2015-07-08T19:48:29+08:00 ] ::1 /academic/Public/images/square.gif
INFO: [ app_init ] --START--
INFO: Run Behavior\BuildLiteBehavior [ RunTime:0.000116s ]
INFO: [ app_init ] --END-- [ RunTime:0.001855s ]
ERR: 无法加载模块:Public

[ 2015-07-08T19:48:34+08:00 ] ::1 /academic/Public/bootstrap/js/jquery.js
INFO: [ app_init ] --START--
INFO: Run Behavior\BuildLiteBehavior [ RunTime:0.000152s ]
INFO: [ app_init ] --END-- [ RunTime:0.002441s ]
ERR: 无法加载模块:Public

[ 2015-07-08T19:48:34+08:00 ] ::1 /academic/Public/images/square.gif
INFO: [ app_init ] --START--
INFO: Run Behavior\BuildLiteBehavior [ RunTime:0.000173s ]
INFO: [ app_init ] --END-- [ RunTime:0.003300s ]
ERR: 无法加载模块:Public

[ 2015-07-08T19:48:45+08:00 ] ::1 /academic/Public/bootstrap/js/jquery.js
INFO: [ app_init ] --START--
INFO: Run Behavior\BuildLiteBehavior [ RunTime:0.000112s ]
INFO: [ app_init ] --END-- [ RunTime:0.001963s ]
ERR: 无法加载模块:Public

[ 2015-07-08T19:48:45+08:00 ] ::1 /academic/Public/images/square.gif
INFO: [ app_init ] --START--
INFO: Run Behavior\BuildLiteBehavior [ RunTime:0.000172s ]
INFO: [ app_init ] --END-- [ RunTime:0.001935s ]
ERR: 无法加载模块:Public

[ 2015-07-08T19:48:50+08:00 ] ::1 /academic/Public/bootstrap/js/jquery.js
INFO: [ app_init ] --START--
INFO: Run Behavior\BuildLiteBehavior [ RunTime:0.001651s ]
INFO: [ app_init ] --END-- [ RunTime:0.005124s ]
ERR: 无法加载模块:Public

[ 2015-07-08T19:48:50+08:00 ] ::1 /academic/Public/images/square.gif
INFO: [ app_init ] --START--
INFO: Run Behavior\BuildLiteBehavior [ RunTime:0.000132s ]
INFO: [ app_init ] --END-- [ RunTime:0.003321s ]
ERR: 无法加载模块:Public

[ 2015-07-08T19:48:57+08:00 ] ::1 /academic/Public/bootstrap/js/jquery.js
INFO: [ app_init ] --START--
INFO: Run Behavior\BuildLiteBehavior [ RunTime:0.000127s ]
INFO: [ app_init ] --END-- [ RunTime:0.008432s ]
ERR: 无法加载模块:Public

[ 2015-07-08T19:48:57+08:00 ] ::1 /academic/Public/images/square.gif
INFO: [ app_init ] --START--
INFO: Run Behavior\BuildLiteBehavior [ RunTime:0.000195s ]
INFO: [ app_init ] --END-- [ RunTime:0.003003s ]
ERR: 无法加载模块:Public

[ 2015-07-08T19:49:09+08:00 ] ::1 /academic/Public/bootstrap/js/jquery.js
INFO: [ app_init ] --START--
INFO: Run Behavior\BuildLiteBehavior [ RunTime:0.000115s ]
INFO: [ app_init ] --END-- [ RunTime:0.002083s ]
ERR: 无法加载模块:Public

[ 2015-07-08T19:49:09+08:00 ] ::1 /academic/Public/images/square.gif
INFO: [ app_init ] --START--
INFO: Run Behavior\BuildLiteBehavior [ RunTime:0.000114s ]
INFO: [ app_init ] --END-- [ RunTime:0.002079s ]
ERR: 无法加载模块:Public

[ 2015-07-08T19:49:11+08:00 ] ::1 /academic/Public/bootstrap/js/jquery.js
INFO: [ app_init ] --START--
INFO: Run Behavior\BuildLiteBehavior [ RunTime:0.000113s ]
INFO: [ app_init ] --END-- [ RunTime:0.001841s ]
ERR: 无法加载模块:Public

[ 2015-07-08T19:49:12+08:00 ] ::1 /academic/Public/images/square.gif
INFO: [ app_init ] --START--
INFO: Run Behavior\BuildLiteBehavior [ RunTime:0.000151s ]
INFO: [ app_init ] --END-- [ RunTime:0.002628s ]
ERR: 无法加载模块:Public

[ 2015-07-08T19:54:32+08:00 ] ::1 /academic/Public/images/square.gif
INFO: [ app_init ] --START--
INFO: Run Behavior\BuildLiteBehavior [ RunTime:0.000138s ]
INFO: [ app_init ] --END-- [ RunTime:0.002699s ]
ERR: 无法加载模块:Public

[ 2015-07-08T19:54:32+08:00 ] ::1 /academic/Public/bootstrap/js/jquery.js
INFO: [ app_init ] --START--
INFO: Run Behavior\BuildLiteBehavior [ RunTime:0.000224s ]
INFO: [ app_init ] --END-- [ RunTime:0.014616s ]
ERR: 无法加载模块:Public

[ 2015-07-08T19:54:32+08:00 ] ::1 /academic/Public/images/square.gif
INFO: [ app_init ] --START--
INFO: Run Behavior\BuildLiteBehavior [ RunTime:0.000112s ]
INFO: [ app_init ] --END-- [ RunTime:0.002040s ]
ERR: 无法加载模块:Public

[ 2015-07-08T19:55:09+08:00 ] ::1 /academic/Public/bootstrap/js/jquery.js
INFO: [ app_init ] --START--
INFO: Run Behavior\BuildLiteBehavior [ RunTime:0.000702s ]
INFO: [ app_init ] --END-- [ RunTime:0.002492s ]
ERR: 无法加载模块:Public

[ 2015-07-08T19:55:09+08:00 ] ::1 /academic/Public/images/square.gif
INFO: [ app_init ] --START--
INFO: Run Behavior\BuildLiteBehavior [ RunTime:0.000120s ]
INFO: [ app_init ] --END-- [ RunTime:0.002987s ]
ERR: 无法加载模块:Public

[ 2015-07-08T19:56:09+08:00 ] ::1 /academic/Public/bootstrap/js/jquery.js
INFO: [ app_init ] --START--
INFO: Run Behavior\BuildLiteBehavior [ RunTime:0.000989s ]
INFO: [ app_init ] --END-- [ RunTime:0.002850s ]
ERR: 无法加载模块:Public

[ 2015-07-08T19:56:09+08:00 ] ::1 /academic/Public/images/square.gif
INFO: [ app_init ] --START--
INFO: Run Behavior\BuildLiteBehavior [ RunTime:0.000121s ]
INFO: [ app_init ] --END-- [ RunTime:0.001876s ]
ERR: 无法加载模块:Public

[ 2015-07-08T19:56:13+08:00 ] ::1 /academic/Public/bootstrap/js/jquery.js
INFO: [ app_init ] --START--
INFO: Run Behavior\BuildLiteBehavior [ RunTime:0.000118s ]
INFO: [ app_init ] --END-- [ RunTime:0.002356s ]
ERR: 无法加载模块:Public

[ 2015-07-08T19:56:13+08:00 ] ::1 /academic/Public/images/square.gif
INFO: [ app_init ] --START--
INFO: Run Behavior\BuildLiteBehavior [ RunTime:0.000110s ]
INFO: [ app_init ] --END-- [ RunTime:0.001923s ]
ERR: 无法加载模块:Public

[ 2015-07-08T19:56:15+08:00 ] ::1 /academic/Public/bootstrap/js/jquery.js
INFO: [ app_init ] --START--
INFO: Run Behavior\BuildLiteBehavior [ RunTime:0.000132s ]
INFO: [ app_init ] --END-- [ RunTime:0.002239s ]
ERR: 无法加载模块:Public

[ 2015-07-08T19:56:16+08:00 ] ::1 /academic/Public/images/square.gif
INFO: [ app_init ] --START--
INFO: Run Behavior\BuildLiteBehavior [ RunTime:0.000867s ]
INFO: [ app_init ] --END-- [ RunTime:0.003908s ]
ERR: 无法加载模块:Public

[ 2015-07-08T19:56:17+08:00 ] ::1 /academic/Public/bootstrap/js/jquery.js
INFO: [ app_init ] --START--
INFO: Run Behavior\BuildLiteBehavior [ RunTime:0.000152s ]
INFO: [ app_init ] --END-- [ RunTime:0.005169s ]
ERR: 无法加载模块:Public

[ 2015-07-08T19:56:17+08:00 ] ::1 /academic/Public/images/square.gif
INFO: [ app_init ] --START--
INFO: Run Behavior\BuildLiteBehavior [ RunTime:0.000123s ]
INFO: [ app_init ] --END-- [ RunTime:0.001779s ]
ERR: 无法加载模块:Public

[ 2015-07-08T19:56:48+08:00 ] ::1 /academic/Public/bootstrap/js/jquery.js
INFO: [ app_init ] --START--
INFO: Run Behavior\BuildLiteBehavior [ RunTime:0.000115s ]
INFO: [ app_init ] --END-- [ RunTime:0.001849s ]
ERR: 无法加载模块:Public

[ 2015-07-08T19:56:48+08:00 ] ::1 /academic/Public/images/square.gif
INFO: [ app_init ] --START--
INFO: Run Behavior\BuildLiteBehavior [ RunTime:0.000122s ]
INFO: [ app_init ] --END-- [ RunTime:0.001909s ]
ERR: 无法加载模块:Public

[ 2015-07-08T19:57:25+08:00 ] ::1 /academic/Public/bootstrap/js/jquery.js
INFO: [ app_init ] --START--
INFO: Run Behavior\BuildLiteBehavior [ RunTime:0.000112s ]
INFO: [ app_init ] --END-- [ RunTime:0.003095s ]
ERR: 无法加载模块:Public

[ 2015-07-08T19:57:25+08:00 ] ::1 /academic/Public/images/square.gif
INFO: [ app_init ] --START--
INFO: Run Behavior\BuildLiteBehavior [ RunTime:0.000106s ]
INFO: [ app_init ] --END-- [ RunTime:0.001820s ]
ERR: 无法加载模块:Public

[ 2015-07-08T19:57:40+08:00 ] ::1 /academic/Public/bootstrap/js/jquery.js
INFO: [ app_init ] --START--
INFO: Run Behavior\BuildLiteBehavior [ RunTime:0.000135s ]
INFO: [ app_init ] --END-- [ RunTime:0.002121s ]
ERR: 无法加载模块:Public

[ 2015-07-08T19:57:40+08:00 ] ::1 /academic/Public/images/square.gif
INFO: [ app_init ] --START--
INFO: Run Behavior\BuildLiteBehavior [ RunTime:0.000120s ]
INFO: [ app_init ] --END-- [ RunTime:0.004545s ]
ERR: 无法加载模块:Public

[ 2015-07-08T20:04:10+08:00 ] ::1 /academic/Public/images/square.gif
INFO: [ app_init ] --START--
INFO: Run Behavior\BuildLiteBehavior [ RunTime:0.000111s ]
INFO: [ app_init ] --END-- [ RunTime:0.001836s ]
ERR: 无法加载模块:Public

[ 2015-07-08T20:04:10+08:00 ] ::1 /academic/Public/bootstrap/js/jquery.js
INFO: [ app_init ] --START--
INFO: Run Behavior\BuildLiteBehavior [ RunTime:0.000123s ]
INFO: [ app_init ] --END-- [ RunTime:0.002337s ]
ERR: 无法加载模块:Public

[ 2015-07-08T20:04:10+08:00 ] ::1 /academic/Public/images/square.gif
INFO: [ app_init ] --START--
INFO: Run Behavior\BuildLiteBehavior [ RunTime:0.000105s ]
INFO: [ app_init ] --END-- [ RunTime:0.001914s ]
ERR: 无法加载模块:Public

[ 2015-07-08T20:04:12+08:00 ] ::1 /academic/Public/bootstrap/js/jquery.js
INFO: [ app_init ] --START--
INFO: Run Behavior\BuildLiteBehavior [ RunTime:0.000131s ]
INFO: [ app_init ] --END-- [ RunTime:0.001934s ]
ERR: 无法加载模块:Public

[ 2015-07-08T20:04:12+08:00 ] ::1 /academic/Public/images/square.gif
INFO: [ app_init ] --START--
INFO: Run Behavior\BuildLiteBehavior [ RunTime:0.000111s ]
INFO: [ app_init ] --END-- [ RunTime:0.001931s ]
ERR: 无法加载模块:Public

[ 2015-07-08T20:04:14+08:00 ] ::1 /academic/Public/bootstrap/js/jquery.js
INFO: [ app_init ] --START--
INFO: Run Behavior\BuildLiteBehavior [ RunTime:0.000119s ]
INFO: [ app_init ] --END-- [ RunTime:0.002083s ]
ERR: 无法加载模块:Public

[ 2015-07-08T20:04:14+08:00 ] ::1 /academic/Public/images/square.gif
INFO: [ app_init ] --START--
INFO: Run Behavior\BuildLiteBehavior [ RunTime:0.000123s ]
INFO: [ app_init ] --END-- [ RunTime:0.001953s ]
ERR: 无法加载模块:Public

[ 2015-07-08T20:04:32+08:00 ] ::1 /academic/Public/bootstrap/js/jquery.js
INFO: [ app_init ] --START--
INFO: Run Behavior\BuildLiteBehavior [ RunTime:0.000141s ]
INFO: [ app_init ] --END-- [ RunTime:0.002417s ]
ERR: 无法加载模块:Public

[ 2015-07-08T20:04:32+08:00 ] ::1 /academic/Public/images/square.gif
INFO: [ app_init ] --START--
INFO: Run Behavior\BuildLiteBehavior [ RunTime:0.000126s ]
INFO: [ app_init ] --END-- [ RunTime:0.004944s ]
ERR: 无法加载模块:Public

[ 2015-07-08T20:04:51+08:00 ] ::1 /academic/Public/bootstrap/js/jquery.js
INFO: [ app_init ] --START--
INFO: Run Behavior\BuildLiteBehavior [ RunTime:0.000452s ]
INFO: [ app_init ] --END-- [ RunTime:0.003487s ]
ERR: 无法加载模块:Public

[ 2015-07-08T20:04:51+08:00 ] ::1 /academic/Public/images/square.gif
INFO: [ app_init ] --START--
INFO: Run Behavior\BuildLiteBehavior [ RunTime:0.000118s ]
INFO: [ app_init ] --END-- [ RunTime:0.002587s ]
ERR: 无法加载模块:Public

[ 2015-07-08T20:05:04+08:00 ] ::1 /academic/Public/bootstrap/js/jquery.js
INFO: [ app_init ] --START--
INFO: Run Behavior\BuildLiteBehavior [ RunTime:0.000181s ]
INFO: [ app_init ] --END-- [ RunTime:0.001711s ]
ERR: 无法加载模块:Public

[ 2015-07-08T20:05:04+08:00 ] ::1 /academic/Public/images/square.gif
INFO: [ app_init ] --START--
INFO: Run Behavior\BuildLiteBehavior [ RunTime:0.000405s ]
INFO: [ app_init ] --END-- [ RunTime:0.002953s ]
ERR: 无法加载模块:Public

[ 2015-07-08T20:05:05+08:00 ] ::1 /academic/Public/bootstrap/js/jquery.js
INFO: [ app_init ] --START--
INFO: Run Behavior\BuildLiteBehavior [ RunTime:0.000195s ]
INFO: [ app_init ] --END-- [ RunTime:0.002393s ]
ERR: 无法加载模块:Public

[ 2015-07-08T20:05:05+08:00 ] ::1 /academic/Public/images/square.gif
INFO: [ app_init ] --START--
INFO: Run Behavior\BuildLiteBehavior [ RunTime:0.000116s ]
INFO: [ app_init ] --END-- [ RunTime:0.001802s ]
ERR: 无法加载模块:Public

[ 2015-07-08T20:05:16+08:00 ] ::1 /academic/Public/bootstrap/js/jquery.js
INFO: [ app_init ] --START--
INFO: Run Behavior\BuildLiteBehavior [ RunTime:0.000155s ]
INFO: [ app_init ] --END-- [ RunTime:0.002631s ]
ERR: 无法加载模块:Public

[ 2015-07-08T20:05:16+08:00 ] ::1 /academic/Public/images/square.gif
INFO: [ app_init ] --START--
INFO: Run Behavior\BuildLiteBehavior [ RunTime:0.000144s ]
INFO: [ app_init ] --END-- [ RunTime:0.002253s ]
ERR: 无法加载模块:Public

[ 2015-07-08T20:05:25+08:00 ] ::1 /academic/Public/bootstrap/js/jquery.js
INFO: [ app_init ] --START--
INFO: Run Behavior\BuildLiteBehavior [ RunTime:0.000067s ]
INFO: [ app_init ] --END-- [ RunTime:0.001456s ]
ERR: 无法加载模块:Public

[ 2015-07-08T20:05:25+08:00 ] ::1 /academic/Public/images/square.gif
INFO: [ app_init ] --START--
INFO: Run Behavior\BuildLiteBehavior [ RunTime:0.000232s ]
INFO: [ app_init ] --END-- [ RunTime:0.002139s ]
ERR: 无法加载模块:Public

[ 2015-07-08T20:05:26+08:00 ] ::1 /academic/Public/bootstrap/js/jquery.js
INFO: [ app_init ] --START--
INFO: Run Behavior\BuildLiteBehavior [ RunTime:0.000149s ]
INFO: [ app_init ] --END-- [ RunTime:0.003398s ]
ERR: 无法加载模块:Public

[ 2015-07-08T20:05:26+08:00 ] ::1 /academic/Public/images/square.gif
INFO: [ app_init ] --START--
INFO: Run Behavior\BuildLiteBehavior [ RunTime:0.000099s ]
INFO: [ app_init ] --END-- [ RunTime:0.005969s ]
ERR: 无法加载模块:Public

[ 2015-07-08T20:05:28+08:00 ] ::1 /academic/Public/bootstrap/js/jquery.js
INFO: [ app_init ] --START--
INFO: Run Behavior\BuildLiteBehavior [ RunTime:0.000167s ]
INFO: [ app_init ] --END-- [ RunTime:0.002461s ]
ERR: 无法加载模块:Public

[ 2015-07-08T20:05:29+08:00 ] ::1 /academic/Public/images/square.gif
INFO: [ app_init ] --START--
INFO: Run Behavior\BuildLiteBehavior [ RunTime:0.000118s ]
INFO: [ app_init ] --END-- [ RunTime:0.007215s ]
ERR: 无法加载模块:Public

[ 2015-07-08T20:05:30+08:00 ] ::1 /academic/Public/bootstrap/js/jquery.js
INFO: [ app_init ] --START--
INFO: Run Behavior\BuildLiteBehavior [ RunTime:0.000125s ]
INFO: [ app_init ] --END-- [ RunTime:0.002167s ]
ERR: 无法加载模块:Public

[ 2015-07-08T20:05:30+08:00 ] ::1 /academic/Public/images/square.gif
INFO: [ app_init ] --START--
INFO: Run Behavior\BuildLiteBehavior [ RunTime:0.000119s ]
INFO: [ app_init ] --END-- [ RunTime:0.002529s ]
ERR: 无法加载模块:Public

[ 2015-07-08T20:05:31+08:00 ] ::1 /academic/Public/bootstrap/js/jquery.js
INFO: [ app_init ] --START--
INFO: Run Behavior\BuildLiteBehavior [ RunTime:0.000254s ]
INFO: [ app_init ] --END-- [ RunTime:0.001996s ]
ERR: 无法加载模块:Public

[ 2015-07-08T20:05:31+08:00 ] ::1 /academic/Public/images/square.gif
INFO: [ app_init ] --START--
INFO: Run Behavior\BuildLiteBehavior [ RunTime:0.000237s ]
INFO: [ app_init ] --END-- [ RunTime:0.001978s ]
ERR: 无法加载模块:Public

[ 2015-07-08T20:05:33+08:00 ] ::1 /academic/Public/bootstrap/js/jquery.js
INFO: [ app_init ] --START--
INFO: Run Behavior\BuildLiteBehavior [ RunTime:0.000127s ]
INFO: [ app_init ] --END-- [ RunTime:0.002097s ]
ERR: 无法加载模块:Public

[ 2015-07-08T20:05:33+08:00 ] ::1 /academic/Public/images/square.gif
INFO: [ app_init ] --START--
INFO: Run Behavior\BuildLiteBehavior [ RunTime:0.000112s ]
INFO: [ app_init ] --END-- [ RunTime:0.002031s ]
ERR: 无法加载模块:Public

[ 2015-07-08T20:05:53+08:00 ] ::1 /academic/Public/bootstrap/js/jquery.js
INFO: [ app_init ] --START--
INFO: Run Behavior\BuildLiteBehavior [ RunTime:0.000195s ]
INFO: [ app_init ] --END-- [ RunTime:0.002384s ]
ERR: 无法加载模块:Public

[ 2015-07-08T20:05:53+08:00 ] ::1 /academic/Public/images/square.gif
INFO: [ app_init ] --START--
INFO: Run Behavior\BuildLiteBehavior [ RunTime:0.000660s ]
INFO: [ app_init ] --END-- [ RunTime:0.003632s ]
ERR: 无法加载模块:Public

[ 2015-07-08T20:06:06+08:00 ] ::1 /academic/Public/bootstrap/js/jquery.js
INFO: [ app_init ] --START--
INFO: Run Behavior\BuildLiteBehavior [ RunTime:0.000290s ]
INFO: [ app_init ] --END-- [ RunTime:0.002663s ]
ERR: 无法加载模块:Public

[ 2015-07-08T20:06:07+08:00 ] ::1 /academic/Public/images/square.gif
INFO: [ app_init ] --START--
INFO: Run Behavior\BuildLiteBehavior [ RunTime:0.000123s ]
INFO: [ app_init ] --END-- [ RunTime:0.002070s ]
ERR: 无法加载模块:Public

[ 2015-07-08T20:08:00+08:00 ] ::1 /academic/Public/bootstrap/js/jquery.js
INFO: [ app_init ] --START--
INFO: Run Behavior\BuildLiteBehavior [ RunTime:0.000134s ]
INFO: [ app_init ] --END-- [ RunTime:0.002453s ]
ERR: 无法加载模块:Public

[ 2015-07-08T20:08:00+08:00 ] ::1 /academic/Public/images/square.gif
INFO: [ app_init ] --START--
INFO: Run Behavior\BuildLiteBehavior [ RunTime:0.000121s ]
INFO: [ app_init ] --END-- [ RunTime:0.002042s ]
ERR: 无法加载模块:Public

[ 2015-07-08T20:08:03+08:00 ] ::1 /academic/Public/bootstrap/js/jquery.js
INFO: [ app_init ] --START--
INFO: Run Behavior\BuildLiteBehavior [ RunTime:0.000141s ]
INFO: [ app_init ] --END-- [ RunTime:0.002349s ]
ERR: 无法加载模块:Public

[ 2015-07-08T20:08:03+08:00 ] ::1 /academic/Public/images/square.gif
INFO: [ app_init ] --START--
INFO: Run Behavior\BuildLiteBehavior [ RunTime:0.000138s ]
INFO: [ app_init ] --END-- [ RunTime:0.002340s ]
ERR: 无法加载模块:Public

[ 2015-07-08T20:08:31+08:00 ] ::1 /academic/Public/bootstrap/js/jquery.js
INFO: [ app_init ] --START--
INFO: Run Behavior\BuildLiteBehavior [ RunTime:0.000097s ]
INFO: [ app_init ] --END-- [ RunTime:0.001465s ]
ERR: 无法加载模块:Public

[ 2015-07-08T20:08:31+08:00 ] ::1 /academic/Public/images/square.gif
INFO: [ app_init ] --START--
INFO: Run Behavior\BuildLiteBehavior [ RunTime:0.000093s ]
INFO: [ app_init ] --END-- [ RunTime:0.001502s ]
ERR: 无法加载模块:Public

[ 2015-07-08T20:08:49+08:00 ] ::1 /academic/Public/bootstrap/js/jquery.js
INFO: [ app_init ] --START--
INFO: Run Behavior\BuildLiteBehavior [ RunTime:0.000879s ]
INFO: [ app_init ] --END-- [ RunTime:0.006039s ]
ERR: 无法加载模块:Public

[ 2015-07-08T20:08:49+08:00 ] ::1 /academic/Public/images/square.gif
INFO: [ app_init ] --START--
INFO: Run Behavior\BuildLiteBehavior [ RunTime:0.000145s ]
INFO: [ app_init ] --END-- [ RunTime:0.002641s ]
ERR: 无法加载模块:Public

[ 2015-07-08T20:09:24+08:00 ] ::1 /academic/Public/bootstrap/js/jquery.js
INFO: [ app_init ] --START--
INFO: Run Behavior\BuildLiteBehavior [ RunTime:0.000303s ]
INFO: [ app_init ] --END-- [ RunTime:0.002661s ]
ERR: 无法加载模块:Public

[ 2015-07-08T20:09:24+08:00 ] ::1 /academic/Public/images/square.gif
INFO: [ app_init ] --START--
INFO: Run Behavior\BuildLiteBehavior [ RunTime:0.000118s ]
INFO: [ app_init ] --END-- [ RunTime:0.002251s ]
ERR: 无法加载模块:Public

[ 2015-07-08T20:10:12+08:00 ] ::1 /academic/Public/bootstrap/js/jquery.js
INFO: [ app_init ] --START--
INFO: Run Behavior\BuildLiteBehavior [ RunTime:0.000140s ]
INFO: [ app_init ] --END-- [ RunTime:0.002413s ]
ERR: 无法加载模块:Public

[ 2015-07-08T20:10:12+08:00 ] ::1 /academic/Public/images/square.gif
INFO: [ app_init ] --START--
INFO: Run Behavior\BuildLiteBehavior [ RunTime:0.000219s ]
INFO: [ app_init ] --END-- [ RunTime:0.007777s ]
ERR: 无法加载模块:Public

[ 2015-07-08T20:10:23+08:00 ] ::1 /academic/Public/bootstrap/js/jquery.js
INFO: [ app_init ] --START--
INFO: Run Behavior\BuildLiteBehavior [ RunTime:0.000130s ]
INFO: [ app_init ] --END-- [ RunTime:0.001851s ]
ERR: 无法加载模块:Public

[ 2015-07-08T20:10:23+08:00 ] ::1 /academic/Public/images/square.gif
INFO: [ app_init ] --START--
INFO: Run Behavior\BuildLiteBehavior [ RunTime:0.000126s ]
INFO: [ app_init ] --END-- [ RunTime:0.002123s ]
ERR: 无法加载模块:Public

[ 2015-07-08T20:10:27+08:00 ] ::1 /academic/Public/bootstrap/js/jquery.js
INFO: [ app_init ] --START--
INFO: Run Behavior\BuildLiteBehavior [ RunTime:0.000107s ]
INFO: [ app_init ] --END-- [ RunTime:0.002058s ]
ERR: 无法加载模块:Public

[ 2015-07-08T20:10:27+08:00 ] ::1 /academic/Public/images/square.gif
INFO: [ app_init ] --START--
INFO: Run Behavior\BuildLiteBehavior [ RunTime:0.000120s ]
INFO: [ app_init ] --END-- [ RunTime:0.001927s ]
ERR: 无法加载模块:Public

[ 2015-07-08T20:10:30+08:00 ] ::1 /academic/Public/bootstrap/js/jquery.js
INFO: [ app_init ] --START--
INFO: Run Behavior\BuildLiteBehavior [ RunTime:0.000156s ]
INFO: [ app_init ] --END-- [ RunTime:0.001931s ]
ERR: 无法加载模块:Public

[ 2015-07-08T20:10:30+08:00 ] ::1 /academic/Public/images/square.gif
INFO: [ app_init ] --START--
INFO: Run Behavior\BuildLiteBehavior [ RunTime:0.000108s ]
INFO: [ app_init ] --END-- [ RunTime:0.001842s ]
ERR: 无法加载模块:Public

[ 2015-07-08T20:10:31+08:00 ] ::1 /academic/Public/bootstrap/js/jquery.js
INFO: [ app_init ] --START--
INFO: Run Behavior\BuildLiteBehavior [ RunTime:0.000123s ]
INFO: [ app_init ] --END-- [ RunTime:0.002319s ]
ERR: 无法加载模块:Public

[ 2015-07-08T20:10:31+08:00 ] ::1 /academic/Public/images/square.gif
INFO: [ app_init ] --START--
INFO: Run Behavior\BuildLiteBehavior [ RunTime:0.000156s ]
INFO: [ app_init ] --END-- [ RunTime:0.001993s ]
ERR: 无法加载模块:Public

[ 2015-07-08T20:10:58+08:00 ] ::1 /academic/Public/bootstrap/js/jquery.js
INFO: [ app_init ] --START--
INFO: Run Behavior\BuildLiteBehavior [ RunTime:0.000111s ]
INFO: [ app_init ] --END-- [ RunTime:0.001955s ]
ERR: 无法加载模块:Public

[ 2015-07-08T20:10:58+08:00 ] ::1 /academic/Public/images/square.gif
INFO: [ app_init ] --START--
INFO: Run Behavior\BuildLiteBehavior [ RunTime:0.000314s ]
INFO: [ app_init ] --END-- [ RunTime:0.005915s ]
ERR: 无法加载模块:Public

[ 2015-07-08T20:10:59+08:00 ] ::1 /academic/Public/bootstrap/js/jquery.js
INFO: [ app_init ] --START--
INFO: Run Behavior\BuildLiteBehavior [ RunTime:0.000128s ]
INFO: [ app_init ] --END-- [ RunTime:0.001740s ]
ERR: 无法加载模块:Public

[ 2015-07-08T20:11:00+08:00 ] ::1 /academic/Public/images/square.gif
INFO: [ app_init ] --START--
INFO: Run Behavior\BuildLiteBehavior [ RunTime:0.000122s ]
INFO: [ app_init ] --END-- [ RunTime:0.001976s ]
ERR: 无法加载模块:Public

[ 2015-07-08T20:14:00+08:00 ] ::1 /academic/Public/images/square.gif
INFO: [ app_init ] --START--
INFO: Run Behavior\BuildLiteBehavior [ RunTime:0.000117s ]
INFO: [ app_init ] --END-- [ RunTime:0.002075s ]
ERR: 无法加载模块:Public

[ 2015-07-08T20:14:00+08:00 ] ::1 /academic/Public/bootstrap/js/jquery.js
INFO: [ app_init ] --START--
INFO: Run Behavior\BuildLiteBehavior [ RunTime:0.000191s ]
INFO: [ app_init ] --END-- [ RunTime:0.001952s ]
ERR: 无法加载模块:Public

[ 2015-07-08T20:14:00+08:00 ] ::1 /academic/Public/images/square.gif
INFO: [ app_init ] --START--
INFO: Run Behavior\BuildLiteBehavior [ RunTime:0.000124s ]
INFO: [ app_init ] --END-- [ RunTime:0.002523s ]
ERR: 无法加载模块:Public

[ 2015-07-08T20:14:10+08:00 ] ::1 /academic/Public/bootstrap/js/jquery.js
INFO: [ app_init ] --START--
INFO: Run Behavior\BuildLiteBehavior [ RunTime:0.000182s ]
INFO: [ app_init ] --END-- [ RunTime:0.003180s ]
ERR: 无法加载模块:Public

[ 2015-07-08T20:14:10+08:00 ] ::1 /academic/Public/images/square.gif
INFO: [ app_init ] --START--
INFO: Run Behavior\BuildLiteBehavior [ RunTime:0.000107s ]
INFO: [ app_init ] --END-- [ RunTime:0.002675s ]
ERR: 无法加载模块:Public

[ 2015-07-08T20:14:10+08:00 ] ::1 /academic/Public/images/square.gif
INFO: [ app_init ] --START--
INFO: Run Behavior\BuildLiteBehavior [ RunTime:0.000121s ]
INFO: [ app_init ] --END-- [ RunTime:0.001892s ]
ERR: 无法加载模块:Public

[ 2015-07-08T20:14:57+08:00 ] ::1 /academic/Public/bootstrap/js/jquery.js
INFO: [ app_init ] --START--
INFO: Run Behavior\BuildLiteBehavior [ RunTime:0.000117s ]
INFO: [ app_init ] --END-- [ RunTime:0.004041s ]
ERR: 无法加载模块:Public

[ 2015-07-08T20:14:57+08:00 ] ::1 /academic/Public/images/square.gif
INFO: [ app_init ] --START--
INFO: Run Behavior\BuildLiteBehavior [ RunTime:0.000112s ]
INFO: [ app_init ] --END-- [ RunTime:0.003156s ]
ERR: 无法加载模块:Public

[ 2015-07-08T20:14:57+08:00 ] ::1 /academic/Public/images/square.gif
INFO: [ app_init ] --START--
INFO: Run Behavior\BuildLiteBehavior [ RunTime:0.000099s ]
INFO: [ app_init ] --END-- [ RunTime:0.001726s ]
ERR: 无法加载模块:Public

[ 2015-07-08T20:17:09+08:00 ] ::1 /academic/Public/bootstrap/js/jquery.js
INFO: [ app_init ] --START--
INFO: Run Behavior\BuildLiteBehavior [ RunTime:0.000115s ]
INFO: [ app_init ] --END-- [ RunTime:0.002264s ]
ERR: 无法加载模块:Public

[ 2015-07-08T20:17:09+08:00 ] ::1 /academic/Public/images/square.gif
INFO: [ app_init ] --START--
INFO: Run Behavior\BuildLiteBehavior [ RunTime:0.000119s ]
INFO: [ app_init ] --END-- [ RunTime:0.002057s ]
ERR: 无法加载模块:Public

[ 2015-07-08T20:17:09+08:00 ] ::1 /academic/Public/images/square.gif
INFO: [ app_init ] --START--
INFO: Run Behavior\BuildLiteBehavior [ RunTime:0.000109s ]
INFO: [ app_init ] --END-- [ RunTime:0.003611s ]
ERR: 无法加载模块:Public

[ 2015-07-08T20:17:21+08:00 ] ::1 /academic/Public/bootstrap/js/jquery.js
INFO: [ app_init ] --START--
INFO: Run Behavior\BuildLiteBehavior [ RunTime:0.000117s ]
INFO: [ app_init ] --END-- [ RunTime:0.001788s ]
ERR: 无法加载模块:Public

[ 2015-07-08T20:17:21+08:00 ] ::1 /academic/Public/images/square.gif
INFO: [ app_init ] --START--
INFO: Run Behavior\BuildLiteBehavior [ RunTime:0.000110s ]
INFO: [ app_init ] --END-- [ RunTime:0.001796s ]
ERR: 无法加载模块:Public

[ 2015-07-08T20:17:22+08:00 ] ::1 /academic/Public/images/square.gif
INFO: [ app_init ] --START--
INFO: Run Behavior\BuildLiteBehavior [ RunTime:0.000306s ]
INFO: [ app_init ] --END-- [ RunTime:0.006036s ]
ERR: 无法加载模块:Public

[ 2015-07-08T20:19:14+08:00 ] ::1 /academic/Public/bootstrap/js/jquery.js
INFO: [ app_init ] --START--
INFO: Run Behavior\BuildLiteBehavior [ RunTime:0.000115s ]
INFO: [ app_init ] --END-- [ RunTime:0.001747s ]
ERR: 无法加载模块:Public

[ 2015-07-08T20:19:14+08:00 ] ::1 /academic/Public/images/square.gif
INFO: [ app_init ] --START--
INFO: Run Behavior\BuildLiteBehavior [ RunTime:0.000119s ]
INFO: [ app_init ] --END-- [ RunTime:0.002042s ]
ERR: 无法加载模块:Public

[ 2015-07-08T20:19:20+08:00 ] ::1 /academic/Public/bootstrap/js/jquery.js
INFO: [ app_init ] --START--
INFO: Run Behavior\BuildLiteBehavior [ RunTime:0.000224s ]
INFO: [ app_init ] --END-- [ RunTime:0.002339s ]
ERR: 无法加载模块:Public

[ 2015-07-08T20:19:20+08:00 ] ::1 /academic/Public/images/square.gif
INFO: [ app_init ] --START--
INFO: Run Behavior\BuildLiteBehavior [ RunTime:0.000141s ]
INFO: [ app_init ] --END-- [ RunTime:0.005569s ]
ERR: 无法加载模块:Public

[ 2015-07-08T20:19:28+08:00 ] ::1 /academic/Public/bootstrap/js/jquery.js
INFO: [ app_init ] --START--
INFO: Run Behavior\BuildLiteBehavior [ RunTime:0.000114s ]
INFO: [ app_init ] --END-- [ RunTime:0.001768s ]
ERR: 无法加载模块:Public

[ 2015-07-08T20:19:29+08:00 ] ::1 /academic/Public/images/square.gif
INFO: [ app_init ] --START--
INFO: Run Behavior\BuildLiteBehavior [ RunTime:0.000108s ]
INFO: [ app_init ] --END-- [ RunTime:0.001729s ]
ERR: 无法加载模块:Public

[ 2015-07-08T20:19:29+08:00 ] ::1 /academic/Public/images/square.gif
INFO: [ app_init ] --START--
INFO: Run Behavior\BuildLiteBehavior [ RunTime:0.000111s ]
INFO: [ app_init ] --END-- [ RunTime:0.004374s ]
ERR: 无法加载模块:Public

[ 2015-07-08T20:20:39+08:00 ] ::1 /academic/Public/images/square.gif
INFO: [ app_init ] --START--
INFO: Run Behavior\BuildLiteBehavior [ RunTime:0.000120s ]
INFO: [ app_init ] --END-- [ RunTime:0.001866s ]
ERR: 无法加载模块:Public

[ 2015-07-08T20:20:40+08:00 ] ::1 /academic/Public/images/square.gif
INFO: [ app_init ] --START--
INFO: Run Behavior\BuildLiteBehavior [ RunTime:0.000106s ]
INFO: [ app_init ] --END-- [ RunTime:0.001879s ]
ERR: 无法加载模块:Public

[ 2015-07-08T20:21:10+08:00 ] ::1 /academic/Public/images/square.gif
INFO: [ app_init ] --START--
INFO: Run Behavior\BuildLiteBehavior [ RunTime:0.000172s ]
INFO: [ app_init ] --END-- [ RunTime:0.001951s ]
ERR: 无法加载模块:Public

[ 2015-07-08T20:21:10+08:00 ] ::1 /academic/Public/images/square.gif
INFO: [ app_init ] --START--
INFO: Run Behavior\BuildLiteBehavior [ RunTime:0.000063s ]
INFO: [ app_init ] --END-- [ RunTime:0.001570s ]
ERR: 无法加载模块:Public

[ 2015-07-08T20:21:14+08:00 ] ::1 /academic/Public/images/square.gif
INFO: [ app_init ] --START--
INFO: Run Behavior\BuildLiteBehavior [ RunTime:0.000117s ]
INFO: [ app_init ] --END-- [ RunTime:0.002562s ]
ERR: 无法加载模块:Public

[ 2015-07-08T20:21:14+08:00 ] ::1 /academic/Public/images/square.gif
INFO: [ app_init ] --START--
INFO: Run Behavior\BuildLiteBehavior [ RunTime:0.000116s ]
INFO: [ app_init ] --END-- [ RunTime:0.002065s ]
ERR: 无法加载模块:Public

[ 2015-07-08T21:02:36+08:00 ] ::1 /academic/Public/images/square.gif
INFO: [ app_init ] --START--
INFO: Run Behavior\BuildLiteBehavior [ RunTime:0.000115s ]
INFO: [ app_init ] --END-- [ RunTime:0.001984s ]
ERR: 无法加载模块:Public

[ 2015-07-08T21:02:51+08:00 ] ::1 /academic/Public/images/square.gif
INFO: [ app_init ] --START--
INFO: Run Behavior\BuildLiteBehavior [ RunTime:0.000122s ]
INFO: [ app_init ] --END-- [ RunTime:0.001907s ]
ERR: 无法加载模块:Public

[ 2015-07-08T21:02:52+08:00 ] ::1 /academic/Public/images/square.gif
INFO: [ app_init ] --START--
INFO: Run Behavior\BuildLiteBehavior [ RunTime:0.000069s ]
INFO: [ app_init ] --END-- [ RunTime:0.001134s ]
ERR: 无法加载模块:Public

[ 2015-07-08T21:03:00+08:00 ] ::1 /academic/Public/images/square.gif
INFO: [ app_init ] --START--
INFO: Run Behavior\BuildLiteBehavior [ RunTime:0.000105s ]
INFO: [ app_init ] --END-- [ RunTime:0.001632s ]
ERR: 无法加载模块:Public

[ 2015-07-08T21:03:01+08:00 ] ::1 /academic/Public/images/square.gif
INFO: [ app_init ] --START--
INFO: Run Behavior\BuildLiteBehavior [ RunTime:0.000104s ]
INFO: [ app_init ] --END-- [ RunTime:0.003528s ]
ERR: 无法加载模块:Public

[ 2015-07-08T21:03:57+08:00 ] ::1 /academic/Public/images/square.gif
INFO: [ app_init ] --START--
INFO: Run Behavior\BuildLiteBehavior [ RunTime:0.000134s ]
INFO: [ app_init ] --END-- [ RunTime:0.001955s ]
ERR: 无法加载模块:Public

[ 2015-07-08T21:03:57+08:00 ] ::1 /academic/Public/images/square.gif
INFO: [ app_init ] --START--
INFO: Run Behavior\BuildLiteBehavior [ RunTime:0.000109s ]
INFO: [ app_init ] --END-- [ RunTime:0.001873s ]
ERR: 无法加载模块:Public

[ 2015-07-08T21:04:07+08:00 ] ::1 /academic/Public/images/square.gif
INFO: [ app_init ] --START--
INFO: Run Behavior\BuildLiteBehavior [ RunTime:0.000114s ]
INFO: [ app_init ] --END-- [ RunTime:0.002523s ]
ERR: 无法加载模块:Public

[ 2015-07-08T21:04:08+08:00 ] ::1 /academic/Public/images/square.gif
INFO: [ app_init ] --START--
INFO: Run Behavior\BuildLiteBehavior [ RunTime:0.000112s ]
INFO: [ app_init ] --END-- [ RunTime:0.001934s ]
ERR: 无法加载模块:Public

[ 2015-07-08T21:05:06+08:00 ] ::1 /academic/Public/images/square.gif
INFO: [ app_init ] --START--
INFO: Run Behavior\BuildLiteBehavior [ RunTime:0.000118s ]
INFO: [ app_init ] --END-- [ RunTime:0.004192s ]
ERR: 无法加载模块:Public

[ 2015-07-08T21:05:07+08:00 ] ::1 /academic/Public/images/square.gif
INFO: [ app_init ] --START--
INFO: Run Behavior\BuildLiteBehavior [ RunTime:0.000096s ]
INFO: [ app_init ] --END-- [ RunTime:0.001596s ]
ERR: 无法加载模块:Public

[ 2015-07-08T21:05:15+08:00 ] ::1 /academic/Public/images/square.gif
INFO: [ app_init ] --START--
INFO: Run Behavior\BuildLiteBehavior [ RunTime:0.000122s ]
INFO: [ app_init ] --END-- [ RunTime:0.002757s ]
ERR: 无法加载模块:Public

[ 2015-07-08T21:05:17+08:00 ] ::1 /academic/Public/images/square.gif
INFO: [ app_init ] --START--
INFO: Run Behavior\BuildLiteBehavior [ RunTime:0.000137s ]
INFO: [ app_init ] --END-- [ RunTime:0.002231s ]
ERR: 无法加载模块:Public

[ 2015-07-08T21:05:36+08:00 ] ::1 /academic/Public/images/square.gif
INFO: [ app_init ] --START--
INFO: Run Behavior\BuildLiteBehavior [ RunTime:0.000119s ]
INFO: [ app_init ] --END-- [ RunTime:0.001970s ]
ERR: 无法加载模块:Public

[ 2015-07-08T21:05:36+08:00 ] ::1 /academic/Public/images/square.gif
INFO: [ app_init ] --START--
INFO: Run Behavior\BuildLiteBehavior [ RunTime:0.000066s ]
INFO: [ app_init ] --END-- [ RunTime:0.001545s ]
ERR: 无法加载模块:Public

[ 2015-07-08T21:05:44+08:00 ] ::1 /academic/Public/images/square.gif
INFO: [ app_init ] --START--
INFO: Run Behavior\BuildLiteBehavior [ RunTime:0.000119s ]
INFO: [ app_init ] --END-- [ RunTime:0.003563s ]
ERR: 无法加载模块:Public

[ 2015-07-08T21:09:06+08:00 ] ::1 /academic/Public/images/square.gif
INFO: [ app_init ] --START--
INFO: Run Behavior\BuildLiteBehavior [ RunTime:0.000101s ]
INFO: [ app_init ] --END-- [ RunTime:0.001849s ]
ERR: 无法加载模块:Public

