[ 2015-07-07T13:12:08+08:00 ] ::1 /academic/Public/css/images/xidian.jpg
INFO: [ app_init ] --START--
INFO: Run Behavior\BuildLiteBehavior [ RunTime:0.000135s ]
INFO: [ app_init ] --END-- [ RunTime:0.001809s ]
ERR: 无法加载模块:Public

[ 2015-07-07T13:12:08+08:00 ] ::1 /academic/images/school.jpg
INFO: [ app_init ] --START--
INFO: Run Behavior\BuildLiteBehavior [ RunTime:0.000076s ]
INFO: [ app_init ] --END-- [ RunTime:0.002140s ]
ERR: 无法加载模块:Images

[ 2015-07-07T13:12:28+08:00 ] ::1 /academic/Public/css/images/xidian.jpg
INFO: [ app_init ] --START--
INFO: Run Behavior\BuildLiteBehavior [ RunTime:0.000126s ]
INFO: [ app_init ] --END-- [ RunTime:0.001941s ]
ERR: 无法加载模块:Public

[ 2015-07-07T13:13:02+08:00 ] ::1 /academic/Public/css/__PUBLIC__/images/index/xidian.jpg
INFO: [ app_init ] --START--
INFO: Run Behavior\BuildLiteBehavior [ RunTime:0.000134s ]
INFO: [ app_init ] --END-- [ RunTime:0.004267s ]
ERR: 无法加载模块:Public

[ 2015-07-07T13:13:40+08:00 ] ::1 /academic/Public/css/__PUBLIC__/images/index/xidian.jpg
INFO: [ app_init ] --START--
INFO: Run Behavior\BuildLiteBehavior [ RunTime:0.000079s ]
INFO: [ app_init ] --END-- [ RunTime:0.002147s ]
ERR: 无法加载模块:Public

[ 2015-07-07T14:46:29+08:00 ] ::1 /academic/msg.url
INFO: [ app_init ] --START--
INFO: Run Behavior\BuildLiteBehavior [ RunTime:0.000140s ]
INFO: [ app_init ] --END-- [ RunTime:0.004978s ]
ERR: 无法加载模块:Msg

[ 2015-07-07T14:46:59+08:00 ] ::1 /academic/msg.url
INFO: [ app_init ] --START--
INFO: Run Behavior\BuildLiteBehavior [ RunTime:0.000092s ]
INFO: [ app_init ] --END-- [ RunTime:0.002514s ]
ERR: 无法加载模块:Msg

[ 2015-07-07T19:45:49+08:00 ] ::1 /academic/Public/images/title1.gif
INFO: [ app_init ] --START--
INFO: Run Behavior\BuildLiteBehavior [ RunTime:0.000118s ]
INFO: [ app_init ] --END-- [ RunTime:0.004293s ]
ERR: 无法加载模块:Public

[ 2015-07-07T19:45:49+08:00 ] ::1 /academic/Public/images/title2.gif
INFO: [ app_init ] --START--
INFO: Run Behavior\BuildLiteBehavior [ RunTime:0.000110s ]
INFO: [ app_init ] --END-- [ RunTime:0.001832s ]
ERR: 无法加载模块:Public

[ 2015-07-07T19:45:49+08:00 ] ::1 /academic/Public/images/hline2.gif
INFO: [ app_init ] --START--
INFO: Run Behavior\BuildLiteBehavior [ RunTime:0.000117s ]
INFO: [ app_init ] --END-- [ RunTime:0.001782s ]
ERR: 无法加载模块:Public

[ 2015-07-07T19:45:49+08:00 ] ::1 /academic/Public/images/leftbg2.gif
INFO: [ app_init ] --START--
INFO: Run Behavior\BuildLiteBehavior [ RunTime:0.000109s ]
INFO: [ app_init ] --END-- [ RunTime:0.001883s ]
ERR: 无法加载模块:Public

[ 2015-07-07T19:45:49+08:00 ] ::1 /academic/Public/images/bgtitle2.gif
INFO: [ app_init ] --START--
INFO: Run Behavior\BuildLiteBehavior [ RunTime:0.000125s ]
INFO: [ app_init ] --END-- [ RunTime:0.003319s ]
ERR: 无法加载模块:Public

[ 2015-07-07T19:45:49+08:00 ] ::1 /academic/Public/images/adminbg1.gif
INFO: [ app_init ] --START--
INFO: Run Behavior\BuildLiteBehavior [ RunTime:0.000123s ]
INFO: [ app_init ] --END-- [ RunTime:0.006136s ]
ERR: 无法加载模块:Public

[ 2015-07-07T19:45:49+08:00 ] ::1 /academic/Public/images/bghline.gif
INFO: [ app_init ] --START--
INFO: Run Behavior\BuildLiteBehavior [ RunTime:0.000121s ]
INFO: [ app_init ] --END-- [ RunTime:0.002409s ]
ERR: 无法加载模块:Public

[ 2015-07-07T19:45:49+08:00 ] ::1 /academic/Public/images/leftbg1.gif
INFO: [ app_init ] --START--
INFO: Run Behavior\BuildLiteBehavior [ RunTime:0.000125s ]
INFO: [ app_init ] --END-- [ RunTime:0.001912s ]
ERR: 无法加载模块:Public

[ 2015-07-07T19:45:49+08:00 ] ::1 /academic/Public/images/menuhline.gif
INFO: [ app_init ] --START--
INFO: Run Behavior\BuildLiteBehavior [ RunTime:0.000113s ]
INFO: [ app_init ] --END-- [ RunTime:0.004587s ]
ERR: 无法加载模块:Public

[ 2015-07-07T19:45:50+08:00 ] ::1 /academic/Public/images/menu_intor.gif
INFO: [ app_init ] --START--
INFO: Run Behavior\BuildLiteBehavior [ RunTime:0.000094s ]
INFO: [ app_init ] --END-- [ RunTime:0.001531s ]
ERR: 无法加载模块:Public

[ 2015-07-07T19:45:50+08:00 ] ::1 /academic/Public/images/admin.gif
INFO: [ app_init ] --START--
INFO: Run Behavior\BuildLiteBehavior [ RunTime:0.000133s ]
INFO: [ app_init ] --END-- [ RunTime:0.001665s ]
ERR: 无法加载模块:Public

[ 2015-07-07T19:46:08+08:00 ] ::1 /academic/Public/images/title1.gif
INFO: [ app_init ] --START--
INFO: Run Behavior\BuildLiteBehavior [ RunTime:0.000164s ]
INFO: [ app_init ] --END-- [ RunTime:0.001631s ]
ERR: 无法加载模块:Public

[ 2015-07-07T19:46:08+08:00 ] ::1 /academic/Public/images/hline2.gif
INFO: [ app_init ] --START--
INFO: Run Behavior\BuildLiteBehavior [ RunTime:0.000115s ]
INFO: [ app_init ] --END-- [ RunTime:0.001753s ]
ERR: 无法加载模块:Public

[ 2015-07-07T19:46:08+08:00 ] ::1 /academic/Public/images/bgtitle2.gif
INFO: [ app_init ] --START--
INFO: Run Behavior\BuildLiteBehavior [ RunTime:0.000109s ]
INFO: [ app_init ] --END-- [ RunTime:0.001679s ]
ERR: 无法加载模块:Public

[ 2015-07-07T19:46:08+08:00 ] ::1 /academic/Public/images/adminbg1.gif
INFO: [ app_init ] --START--
INFO: Run Behavior\BuildLiteBehavior [ RunTime:0.000123s ]
INFO: [ app_init ] --END-- [ RunTime:0.001864s ]
ERR: 无法加载模块:Public

[ 2015-07-07T19:46:08+08:00 ] ::1 /academic/Public/images/leftbg2.gif
INFO: [ app_init ] --START--
INFO: Run Behavior\BuildLiteBehavior [ RunTime:0.000117s ]
INFO: [ app_init ] --END-- [ RunTime:0.002887s ]
ERR: 无法加载模块:Public

[ 2015-07-07T19:46:08+08:00 ] ::1 /academic/Public/images/title2.gif
INFO: [ app_init ] --START--
INFO: Run Behavior\BuildLiteBehavior [ RunTime:0.000109s ]
INFO: [ app_init ] --END-- [ RunTime:0.003196s ]
ERR: 无法加载模块:Public

[ 2015-07-07T19:46:08+08:00 ] ::1 /academic/Public/images/admin.gif
INFO: [ app_init ] --START--
INFO: Run Behavior\BuildLiteBehavior [ RunTime:0.000359s ]
INFO: [ app_init ] --END-- [ RunTime:0.002032s ]
ERR: 无法加载模块:Public

[ 2015-07-07T19:46:08+08:00 ] ::1 /academic/Public/images/menu_intor.gif
INFO: [ app_init ] --START--
INFO: Run Behavior\BuildLiteBehavior [ RunTime:0.000109s ]
INFO: [ app_init ] --END-- [ RunTime:0.001798s ]
ERR: 无法加载模块:Public

[ 2015-07-07T19:46:08+08:00 ] ::1 /academic/Public/images/bghline.gif
INFO: [ app_init ] --START--
INFO: Run Behavior\BuildLiteBehavior [ RunTime:0.000107s ]
INFO: [ app_init ] --END-- [ RunTime:0.002272s ]
ERR: 无法加载模块:Public

[ 2015-07-07T19:46:09+08:00 ] ::1 /academic/Public/images/leftbg1.gif
INFO: [ app_init ] --START--
INFO: Run Behavior\BuildLiteBehavior [ RunTime:0.000103s ]
INFO: [ app_init ] --END-- [ RunTime:0.001840s ]
ERR: 无法加载模块:Public

[ 2015-07-07T19:46:09+08:00 ] ::1 /academic/Public/images/menuhline.gif
INFO: [ app_init ] --START--
INFO: Run Behavior\BuildLiteBehavior [ RunTime:0.000105s ]
INFO: [ app_init ] --END-- [ RunTime:0.002828s ]
ERR: 无法加载模块:Public

[ 2015-07-07T19:46:56+08:00 ] ::1 /academic/Public/images/hline2.gif
INFO: [ app_init ] --START--
INFO: Run Behavior\BuildLiteBehavior [ RunTime:0.000100s ]
INFO: [ app_init ] --END-- [ RunTime:0.001528s ]
ERR: 无法加载模块:Public

[ 2015-07-07T19:46:56+08:00 ] ::1 /academic/Public/images/bgtitle2.gif
INFO: [ app_init ] --START--
INFO: Run Behavior\BuildLiteBehavior [ RunTime:0.000095s ]
INFO: [ app_init ] --END-- [ RunTime:0.001678s ]
ERR: 无法加载模块:Public

[ 2015-07-07T19:46:56+08:00 ] ::1 /academic/Public/images/leftbg2.gif
INFO: [ app_init ] --START--
INFO: Run Behavior\BuildLiteBehavior [ RunTime:0.000166s ]
INFO: [ app_init ] --END-- [ RunTime:0.005639s ]
ERR: 无法加载模块:Public

[ 2015-07-07T19:46:56+08:00 ] ::1 /academic/Public/images/title2.gif
INFO: [ app_init ] --START--
INFO: Run Behavior\BuildLiteBehavior [ RunTime:0.000089s ]
INFO: [ app_init ] --END-- [ RunTime:0.001652s ]
ERR: 无法加载模块:Public

[ 2015-07-07T19:46:56+08:00 ] ::1 /academic/Public/images/adminbg1.gif
INFO: [ app_init ] --START--
INFO: Run Behavior\BuildLiteBehavior [ RunTime:0.000109s ]
INFO: [ app_init ] --END-- [ RunTime:0.034318s ]
ERR: 无法加载模块:Public

[ 2015-07-07T19:46:56+08:00 ] ::1 /academic/Public/images/menu_intor.gif
INFO: [ app_init ] --START--
INFO: Run Behavior\BuildLiteBehavior [ RunTime:0.000099s ]
INFO: [ app_init ] --END-- [ RunTime:0.001648s ]
ERR: 无法加载模块:Public

[ 2015-07-07T19:46:56+08:00 ] ::1 /academic/Public/images/leftbg1.gif
INFO: [ app_init ] --START--
INFO: Run Behavior\BuildLiteBehavior [ RunTime:0.000112s ]
INFO: [ app_init ] --END-- [ RunTime:0.026957s ]
ERR: 无法加载模块:Public

[ 2015-07-07T19:46:56+08:00 ] ::1 /academic/Public/images/admin.gif
INFO: [ app_init ] --START--
INFO: Run Behavior\BuildLiteBehavior [ RunTime:0.000091s ]
INFO: [ app_init ] --END-- [ RunTime:0.001417s ]
ERR: 无法加载模块:Public

[ 2015-07-07T19:46:56+08:00 ] ::1 /academic/Public/images/title1.gif
INFO: [ app_init ] --START--
INFO: Run Behavior\BuildLiteBehavior [ RunTime:0.000452s ]
INFO: [ app_init ] --END-- [ RunTime:0.005512s ]
ERR: 无法加载模块:Public

[ 2015-07-07T19:46:56+08:00 ] ::1 /academic/Public/images/bghline.gif
INFO: [ app_init ] --START--
INFO: Run Behavior\BuildLiteBehavior [ RunTime:0.000104s ]
INFO: [ app_init ] --END-- [ RunTime:0.001934s ]
ERR: 无法加载模块:Public

[ 2015-07-07T19:46:56+08:00 ] ::1 /academic/Public/images/menuhline.gif
INFO: [ app_init ] --START--
INFO: Run Behavior\BuildLiteBehavior [ RunTime:0.000172s ]
INFO: [ app_init ] --END-- [ RunTime:0.003963s ]
ERR: 无法加载模块:Public

[ 2015-07-07T19:52:10+08:00 ] ::1 /academic/Public/images/hline2.gif
INFO: [ app_init ] --START--
INFO: Run Behavior\BuildLiteBehavior [ RunTime:0.000121s ]
INFO: [ app_init ] --END-- [ RunTime:0.001986s ]
ERR: 无法加载模块:Public

[ 2015-07-07T19:52:10+08:00 ] ::1 /academic/Public/images/adminbg1.gif
INFO: [ app_init ] --START--
INFO: Run Behavior\BuildLiteBehavior [ RunTime:0.000110s ]
INFO: [ app_init ] --END-- [ RunTime:0.001822s ]
ERR: 无法加载模块:Public

[ 2015-07-07T19:52:10+08:00 ] ::1 /academic/Public/images/bgtitle2.gif
INFO: [ app_init ] --START--
INFO: Run Behavior\BuildLiteBehavior [ RunTime:0.000128s ]
INFO: [ app_init ] --END-- [ RunTime:0.002403s ]
ERR: 无法加载模块:Public

[ 2015-07-07T19:52:10+08:00 ] ::1 /academic/Public/images/leftbg1.gif
INFO: [ app_init ] --START--
INFO: Run Behavior\BuildLiteBehavior [ RunTime:0.000133s ]
INFO: [ app_init ] --END-- [ RunTime:0.004916s ]
ERR: 无法加载模块:Public

[ 2015-07-07T19:52:10+08:00 ] ::1 /academic/Public/images/bghline.gif
INFO: [ app_init ] --START--
INFO: Run Behavior\BuildLiteBehavior [ RunTime:0.000116s ]
INFO: [ app_init ] --END-- [ RunTime:0.003312s ]
ERR: 无法加载模块:Public

[ 2015-07-07T19:52:10+08:00 ] ::1 /academic/Public/images/title2.gif
INFO: [ app_init ] --START--
INFO: Run Behavior\BuildLiteBehavior [ RunTime:0.000122s ]
INFO: [ app_init ] --END-- [ RunTime:0.001839s ]
ERR: 无法加载模块:Public

[ 2015-07-07T19:52:10+08:00 ] ::1 /academic/Public/images/title1.gif
INFO: [ app_init ] --START--
INFO: Run Behavior\BuildLiteBehavior [ RunTime:0.000112s ]
INFO: [ app_init ] --END-- [ RunTime:0.001702s ]
ERR: 无法加载模块:Public

[ 2015-07-07T19:52:10+08:00 ] ::1 /academic/Public/images/leftbg2.gif
INFO: [ app_init ] --START--
INFO: Run Behavior\BuildLiteBehavior [ RunTime:0.000123s ]
INFO: [ app_init ] --END-- [ RunTime:0.003529s ]
ERR: 无法加载模块:Public

[ 2015-07-07T19:52:10+08:00 ] ::1 /academic/Public/images/menuhline.gif
INFO: [ app_init ] --START--
INFO: Run Behavior\BuildLiteBehavior [ RunTime:0.000095s ]
INFO: [ app_init ] --END-- [ RunTime:0.001576s ]
ERR: 无法加载模块:Public

[ 2015-07-07T19:52:10+08:00 ] ::1 /academic/Public/images/admin.gif
INFO: [ app_init ] --START--
INFO: Run Behavior\BuildLiteBehavior [ RunTime:0.000099s ]
INFO: [ app_init ] --END-- [ RunTime:0.001912s ]
ERR: 无法加载模块:Public

[ 2015-07-07T19:52:10+08:00 ] ::1 /academic/Public/images/menu_intor.gif
INFO: [ app_init ] --START--
INFO: Run Behavior\BuildLiteBehavior [ RunTime:0.000117s ]
INFO: [ app_init ] --END-- [ RunTime:0.001756s ]
ERR: 无法加载模块:Public

[ 2015-07-07T20:01:30+08:00 ] ::1 /academic/index.php/academic/index.php/home/index/index.html.html
INFO: [ app_init ] --START--
INFO: Run Behavior\BuildLiteBehavior [ RunTime:0.000077s ]
INFO: [ app_init ] --END-- [ RunTime:0.001621s ]
ERR: 无法加载模块:Academic

[ 2015-07-07T20:02:38+08:00 ] ::1 /academic/index.php/academic/index.php/home/index/index.html.html
INFO: [ app_init ] --START--
INFO: Run Behavior\BuildLiteBehavior [ RunTime:0.000075s ]
INFO: [ app_init ] --END-- [ RunTime:0.001723s ]
ERR: 无法加载模块:Academic

[ 2015-07-07T20:32:47+08:00 ] ::1 /academic/index.php/js/upload.js
INFO: [ app_init ] --START--
INFO: Run Behavior\BuildLiteBehavior [ RunTime:0.000136s ]
INFO: [ app_init ] --END-- [ RunTime:0.001999s ]
ERR: 无法加载模块:Js

[ 2015-07-07T20:32:47+08:00 ] ::1 /academic/index.php/admin_manage/images/loading.gif
INFO: [ app_init ] --START--
INFO: Run Behavior\BuildLiteBehavior [ RunTime:0.000141s ]
INFO: [ app_init ] --END-- [ RunTime:0.002329s ]
ERR: 无法加载模块:Admin_manage

