[ 2015-07-09T08:35:12+08:00 ] ::1 /academic/Public/images/square.gif
INFO: [ app_init ] --START--
INFO: Run Behavior\BuildLiteBehavior [ RunTime:0.000072s ]
INFO: [ app_init ] --END-- [ RunTime:0.001297s ]
ERR: 无法加载模块:Public

[ 2015-07-09T08:35:12+08:00 ] ::1 /academic/Public/images/square.gif
INFO: [ app_init ] --START--
INFO: Run Behavior\BuildLiteBehavior [ RunTime:0.000073s ]
INFO: [ app_init ] --END-- [ RunTime:0.001515s ]
ERR: 无法加载模块:Public

[ 2015-07-09T08:51:43+08:00 ] ::1 /academic/Public/images/square.gif
INFO: [ app_init ] --START--
INFO: Run Behavior\BuildLiteBehavior [ RunTime:0.000132s ]
INFO: [ app_init ] --END-- [ RunTime:0.002061s ]
ERR: 无法加载模块:Public

[ 2015-07-09T08:52:16+08:00 ] ::1 /academic/Public/images/square.gif
INFO: [ app_init ] --START--
INFO: Run Behavior\BuildLiteBehavior [ RunTime:0.000074s ]
INFO: [ app_init ] --END-- [ RunTime:0.001335s ]
ERR: 无法加载模块:Public

[ 2015-07-09T08:52:29+08:00 ] ::1 /academic/Public/images/square.gif
INFO: [ app_init ] --START--
INFO: Run Behavior\BuildLiteBehavior [ RunTime:0.000128s ]
INFO: [ app_init ] --END-- [ RunTime:0.001986s ]
ERR: 无法加载模块:Public

[ 2015-07-09T08:52:59+08:00 ] ::1 /academic/Public/images/square.gif
INFO: [ app_init ] --START--
INFO: Run Behavior\BuildLiteBehavior [ RunTime:0.000074s ]
INFO: [ app_init ] --END-- [ RunTime:0.001203s ]
ERR: 无法加载模块:Public

[ 2015-07-09T08:57:06+08:00 ] ::1 /academic/Public/images/square.gif
INFO: [ app_init ] --START--
INFO: Run Behavior\BuildLiteBehavior [ RunTime:0.000134s ]
INFO: [ app_init ] --END-- [ RunTime:0.002284s ]
ERR: 无法加载模块:Public

[ 2015-07-09T08:57:16+08:00 ] ::1 /academic/Public/images/square.gif
INFO: [ app_init ] --START--
INFO: Run Behavior\BuildLiteBehavior [ RunTime:0.000145s ]
INFO: [ app_init ] --END-- [ RunTime:0.002270s ]
ERR: 无法加载模块:Public

[ 2015-07-09T08:57:22+08:00 ] ::1 /academic/Public/images/square.gif
INFO: [ app_init ] --START--
INFO: Run Behavior\BuildLiteBehavior [ RunTime:0.000136s ]
INFO: [ app_init ] --END-- [ RunTime:0.001985s ]
ERR: 无法加载模块:Public

[ 2015-07-09T08:57:38+08:00 ] ::1 /academic/Public/images/square.gif
INFO: [ app_init ] --START--
INFO: Run Behavior\BuildLiteBehavior [ RunTime:0.000782s ]
INFO: [ app_init ] --END-- [ RunTime:0.002610s ]
ERR: 无法加载模块:Public

[ 2015-07-09T08:57:48+08:00 ] ::1 /academic/Public/images/square.gif
INFO: [ app_init ] --START--
INFO: Run Behavior\BuildLiteBehavior [ RunTime:0.000135s ]
INFO: [ app_init ] --END-- [ RunTime:0.001947s ]
ERR: 无法加载模块:Public

[ 2015-07-09T08:57:54+08:00 ] ::1 /academic/Public/images/square.gif
INFO: [ app_init ] --START--
INFO: Run Behavior\BuildLiteBehavior [ RunTime:0.000133s ]
INFO: [ app_init ] --END-- [ RunTime:0.002389s ]
ERR: 无法加载模块:Public

[ 2015-07-09T08:57:59+08:00 ] ::1 /academic/Public/images/square.gif
INFO: [ app_init ] --START--
INFO: Run Behavior\BuildLiteBehavior [ RunTime:0.000178s ]
INFO: [ app_init ] --END-- [ RunTime:0.002667s ]
ERR: 无法加载模块:Public

[ 2015-07-09T08:58:12+08:00 ] ::1 /academic/Public/images/square.gif
INFO: [ app_init ] --START--
INFO: Run Behavior\BuildLiteBehavior [ RunTime:0.000151s ]
INFO: [ app_init ] --END-- [ RunTime:0.002390s ]
ERR: 无法加载模块:Public

[ 2015-07-09T08:58:26+08:00 ] ::1 /academic/Public/images/square.gif
INFO: [ app_init ] --START--
INFO: Run Behavior\BuildLiteBehavior [ RunTime:0.000096s ]
INFO: [ app_init ] --END-- [ RunTime:0.001906s ]
ERR: 无法加载模块:Public

[ 2015-07-09T08:58:39+08:00 ] ::1 /academic/Public/images/square.gif
INFO: [ app_init ] --START--
INFO: Run Behavior\BuildLiteBehavior [ RunTime:0.000092s ]
INFO: [ app_init ] --END-- [ RunTime:0.001751s ]
ERR: 无法加载模块:Public

[ 2015-07-09T08:58:47+08:00 ] ::1 /academic/Public/images/square.gif
INFO: [ app_init ] --START--
INFO: Run Behavior\BuildLiteBehavior [ RunTime:0.000141s ]
INFO: [ app_init ] --END-- [ RunTime:0.001999s ]
ERR: 无法加载模块:Public

[ 2015-07-09T08:58:57+08:00 ] ::1 /academic/Public/images/square.gif
INFO: [ app_init ] --START--
INFO: Run Behavior\BuildLiteBehavior [ RunTime:0.000125s ]
INFO: [ app_init ] --END-- [ RunTime:0.002371s ]
ERR: 无法加载模块:Public

[ 2015-07-09T09:02:11+08:00 ] ::1 /academic/Public/images/square.gif
INFO: [ app_init ] --START--
INFO: Run Behavior\BuildLiteBehavior [ RunTime:0.000126s ]
INFO: [ app_init ] --END-- [ RunTime:0.001946s ]
ERR: 无法加载模块:Public

[ 2015-07-09T09:23:53+08:00 ] ::1 /academic/Public/images/square.gif
INFO: [ app_init ] --START--
INFO: Run Behavior\BuildLiteBehavior [ RunTime:0.000137s ]
INFO: [ app_init ] --END-- [ RunTime:0.002447s ]
ERR: 无法加载模块:Public

[ 2015-07-09T09:33:50+08:00 ] ::1 /academic/Public/images/square.gif
INFO: [ app_init ] --START--
INFO: Run Behavior\BuildLiteBehavior [ RunTime:0.000143s ]
INFO: [ app_init ] --END-- [ RunTime:0.001839s ]
ERR: 无法加载模块:Public

[ 2015-07-09T09:34:17+08:00 ] ::1 /academic/Public/images/square.gif
INFO: [ app_init ] --START--
INFO: Run Behavior\BuildLiteBehavior [ RunTime:0.000136s ]
INFO: [ app_init ] --END-- [ RunTime:0.002408s ]
ERR: 无法加载模块:Public

[ 2015-07-09T09:35:25+08:00 ] ::1 /academic/Public/images/square.gif
INFO: [ app_init ] --START--
INFO: Run Behavior\BuildLiteBehavior [ RunTime:0.000120s ]
INFO: [ app_init ] --END-- [ RunTime:0.002258s ]
ERR: 无法加载模块:Public

[ 2015-07-09T09:35:47+08:00 ] ::1 /academic/Public/images/square.gif
INFO: [ app_init ] --START--
INFO: Run Behavior\BuildLiteBehavior [ RunTime:0.000134s ]
INFO: [ app_init ] --END-- [ RunTime:0.002307s ]
ERR: 无法加载模块:Public

[ 2015-07-09T09:36:16+08:00 ] ::1 /academic/Public/images/square.gif
INFO: [ app_init ] --START--
INFO: Run Behavior\BuildLiteBehavior [ RunTime:0.000130s ]
INFO: [ app_init ] --END-- [ RunTime:0.001921s ]
ERR: 无法加载模块:Public

[ 2015-07-09T09:36:52+08:00 ] ::1 /academic/Public/images/square.gif
INFO: [ app_init ] --START--
INFO: Run Behavior\BuildLiteBehavior [ RunTime:0.000140s ]
INFO: [ app_init ] --END-- [ RunTime:0.001553s ]
ERR: 无法加载模块:Public

[ 2015-07-09T09:37:15+08:00 ] ::1 /academic/Public/images/square.gif
INFO: [ app_init ] --START--
INFO: Run Behavior\BuildLiteBehavior [ RunTime:0.000146s ]
INFO: [ app_init ] --END-- [ RunTime:0.002304s ]
ERR: 无法加载模块:Public

[ 2015-07-09T09:37:27+08:00 ] ::1 /academic/Public/images/square.gif
INFO: [ app_init ] --START--
INFO: Run Behavior\BuildLiteBehavior [ RunTime:0.000156s ]
INFO: [ app_init ] --END-- [ RunTime:0.003142s ]
ERR: 无法加载模块:Public

[ 2015-07-09T09:40:21+08:00 ] ::1 /academic/Public/images/square.gif
INFO: [ app_init ] --START--
INFO: Run Behavior\BuildLiteBehavior [ RunTime:0.000121s ]
INFO: [ app_init ] --END-- [ RunTime:0.001876s ]
ERR: 无法加载模块:Public

[ 2015-07-09T09:40:27+08:00 ] ::1 /academic/Public/images/square.gif
INFO: [ app_init ] --START--
INFO: Run Behavior\BuildLiteBehavior [ RunTime:0.000139s ]
INFO: [ app_init ] --END-- [ RunTime:0.002249s ]
ERR: 无法加载模块:Public

[ 2015-07-09T09:40:35+08:00 ] ::1 /academic/Public/images/square.gif
INFO: [ app_init ] --START--
INFO: Run Behavior\BuildLiteBehavior [ RunTime:0.000148s ]
INFO: [ app_init ] --END-- [ RunTime:0.002923s ]
ERR: 无法加载模块:Public

[ 2015-07-09T09:40:37+08:00 ] ::1 /academic/Public/images/square.gif
INFO: [ app_init ] --START--
INFO: Run Behavior\BuildLiteBehavior [ RunTime:0.000131s ]
INFO: [ app_init ] --END-- [ RunTime:0.002240s ]
ERR: 无法加载模块:Public

[ 2015-07-09T09:41:22+08:00 ] ::1 /academic/Public/images/square.gif
INFO: [ app_init ] --START--
INFO: Run Behavior\BuildLiteBehavior [ RunTime:0.000136s ]
INFO: [ app_init ] --END-- [ RunTime:0.002210s ]
ERR: 无法加载模块:Public

[ 2015-07-09T09:41:28+08:00 ] ::1 /academic/Public/images/square.gif
INFO: [ app_init ] --START--
INFO: Run Behavior\BuildLiteBehavior [ RunTime:0.000142s ]
INFO: [ app_init ] --END-- [ RunTime:0.002329s ]
ERR: 无法加载模块:Public

[ 2015-07-09T09:41:39+08:00 ] ::1 /academic/Public/images/square.gif
INFO: [ app_init ] --START--
INFO: Run Behavior\BuildLiteBehavior [ RunTime:0.000146s ]
INFO: [ app_init ] --END-- [ RunTime:0.002452s ]
ERR: 无法加载模块:Public

[ 2015-07-09T09:42:25+08:00 ] ::1 /academic/Public/images/square.gif
INFO: [ app_init ] --START--
INFO: Run Behavior\BuildLiteBehavior [ RunTime:0.000128s ]
INFO: [ app_init ] --END-- [ RunTime:0.002038s ]
ERR: 无法加载模块:Public

[ 2015-07-09T09:42:49+08:00 ] ::1 /academic/Public/images/square.gif
INFO: [ app_init ] --START--
INFO: Run Behavior\BuildLiteBehavior [ RunTime:0.000122s ]
INFO: [ app_init ] --END-- [ RunTime:0.002018s ]
ERR: 无法加载模块:Public

[ 2015-07-09T09:42:55+08:00 ] ::1 /academic/Public/images/square.gif
INFO: [ app_init ] --START--
INFO: Run Behavior\BuildLiteBehavior [ RunTime:0.000145s ]
INFO: [ app_init ] --END-- [ RunTime:0.002097s ]
ERR: 无法加载模块:Public

[ 2015-07-09T09:42:57+08:00 ] ::1 /academic/Public/images/square.gif
INFO: [ app_init ] --START--
INFO: Run Behavior\BuildLiteBehavior [ RunTime:0.000392s ]
INFO: [ app_init ] --END-- [ RunTime:0.003381s ]
ERR: 无法加载模块:Public

[ 2015-07-09T09:43:00+08:00 ] ::1 /academic/Public/images/square.gif
INFO: [ app_init ] --START--
INFO: Run Behavior\BuildLiteBehavior [ RunTime:0.000120s ]
INFO: [ app_init ] --END-- [ RunTime:0.001948s ]
ERR: 无法加载模块:Public

[ 2015-07-09T09:43:07+08:00 ] ::1 /academic/Public/images/square.gif
INFO: [ app_init ] --START--
INFO: Run Behavior\BuildLiteBehavior [ RunTime:0.000149s ]
INFO: [ app_init ] --END-- [ RunTime:0.002204s ]
ERR: 无法加载模块:Public

[ 2015-07-09T09:43:12+08:00 ] ::1 /academic/Public/images/square.gif
INFO: [ app_init ] --START--
INFO: Run Behavior\BuildLiteBehavior [ RunTime:0.000146s ]
INFO: [ app_init ] --END-- [ RunTime:0.001852s ]
ERR: 无法加载模块:Public

[ 2015-07-09T09:43:19+08:00 ] ::1 /academic/Public/images/square.gif
INFO: [ app_init ] --START--
INFO: Run Behavior\BuildLiteBehavior [ RunTime:0.000190s ]
INFO: [ app_init ] --END-- [ RunTime:0.002122s ]
ERR: 无法加载模块:Public

[ 2015-07-09T10:02:14+08:00 ] ::1 /academic/Public/images/square.gif
INFO: [ app_init ] --START--
INFO: Run Behavior\BuildLiteBehavior [ RunTime:0.000089s ]
INFO: [ app_init ] --END-- [ RunTime:0.001482s ]
ERR: 无法加载模块:Public

[ 2015-07-09T10:04:23+08:00 ] ::1 /academic/Public/images/square.gif
INFO: [ app_init ] --START--
INFO: Run Behavior\BuildLiteBehavior [ RunTime:0.000130s ]
INFO: [ app_init ] --END-- [ RunTime:0.002136s ]
ERR: 无法加载模块:Public

[ 2015-07-09T10:04:29+08:00 ] ::1 /academic/Public/images/square.gif
INFO: [ app_init ] --START--
INFO: Run Behavior\BuildLiteBehavior [ RunTime:0.000124s ]
INFO: [ app_init ] --END-- [ RunTime:0.002093s ]
ERR: 无法加载模块:Public

[ 2015-07-09T10:08:56+08:00 ] ::1 /academic/Public/images/square.gif
INFO: [ app_init ] --START--
INFO: Run Behavior\BuildLiteBehavior [ RunTime:0.000127s ]
INFO: [ app_init ] --END-- [ RunTime:0.002043s ]
ERR: 无法加载模块:Public

[ 2015-07-09T10:09:02+08:00 ] ::1 /academic/Public/images/square.gif
INFO: [ app_init ] --START--
INFO: Run Behavior\BuildLiteBehavior [ RunTime:0.000124s ]
INFO: [ app_init ] --END-- [ RunTime:0.004773s ]
ERR: 无法加载模块:Public

[ 2015-07-09T10:09:16+08:00 ] ::1 /academic/Public/images/square.gif
INFO: [ app_init ] --START--
INFO: Run Behavior\BuildLiteBehavior [ RunTime:0.000124s ]
INFO: [ app_init ] --END-- [ RunTime:0.001991s ]
ERR: 无法加载模块:Public

[ 2015-07-09T10:52:44+08:00 ] ::1 /academic/Public/images/square.gif
INFO: [ app_init ] --START--
INFO: Run Behavior\BuildLiteBehavior [ RunTime:0.000117s ]
INFO: [ app_init ] --END-- [ RunTime:0.001835s ]
ERR: 无法加载模块:Public

[ 2015-07-09T11:04:35+08:00 ] ::1 /academic/index.php/admin/index/id.html
INFO: [ app_init ] --START--
INFO: Run Behavior\BuildLiteBehavior [ RunTime:0.000136s ]
INFO: [ app_init ] --END-- [ RunTime:0.002244s ]
ERR: 无法加载模块:Admin

[ 2015-07-09T11:08:14+08:00 ] ::1 /academic/Public/images/square.gif
INFO: [ app_init ] --START--
INFO: Run Behavior\BuildLiteBehavior [ RunTime:0.000164s ]
INFO: [ app_init ] --END-- [ RunTime:0.002336s ]
ERR: 无法加载模块:Public

[ 2015-07-09T11:14:18+08:00 ] ::1 /academic/Public/images/square.gif
INFO: [ app_init ] --START--
INFO: Run Behavior\BuildLiteBehavior [ RunTime:0.000139s ]
INFO: [ app_init ] --END-- [ RunTime:0.002170s ]
ERR: 无法加载模块:Public

[ 2015-07-09T11:16:27+08:00 ] ::1 /academic/Public/images/square.gif
INFO: [ app_init ] --START--
INFO: Run Behavior\BuildLiteBehavior [ RunTime:0.000128s ]
INFO: [ app_init ] --END-- [ RunTime:0.002515s ]
ERR: 无法加载模块:Public

[ 2015-07-09T18:57:49+08:00 ] ::1 /academic/Public/images/square.gif
INFO: [ app_init ] --START--
INFO: Run Behavior\BuildLiteBehavior [ RunTime:0.000075s ]
INFO: [ app_init ] --END-- [ RunTime:0.002266s ]
ERR: 无法加载模块:Public

[ 2015-07-09T18:58:10+08:00 ] ::1 /academic/index.php/admin_manage/images/loading.gif
INFO: [ app_init ] --START--
INFO: Run Behavior\BuildLiteBehavior [ RunTime:0.000074s ]
INFO: [ app_init ] --END-- [ RunTime:0.001588s ]
ERR: 无法加载模块:Admin_manage

[ 2015-07-09T18:58:10+08:00 ] ::1 /academic/index.php/js/upload.js
INFO: [ app_init ] --START--
INFO: Run Behavior\BuildLiteBehavior [ RunTime:0.000125s ]
INFO: [ app_init ] --END-- [ RunTime:0.001998s ]
ERR: 无法加载模块:Js

[ 2015-07-09T18:58:10+08:00 ] ::1 /academic/index.php/admin_manage/images/loading.gif
INFO: [ app_init ] --START--
INFO: Run Behavior\BuildLiteBehavior [ RunTime:0.000073s ]
INFO: [ app_init ] --END-- [ RunTime:0.001304s ]
ERR: 无法加载模块:Admin_manage

[ 2015-07-09T18:58:15+08:00 ] ::1 /academic/Public/images/square.gif
INFO: [ app_init ] --START--
INFO: Run Behavior\BuildLiteBehavior [ RunTime:0.000137s ]
INFO: [ app_init ] --END-- [ RunTime:0.002138s ]
ERR: 无法加载模块:Public

[ 2015-07-09T18:59:34+08:00 ] ::1 /academic/Public/images/square.gif
INFO: [ app_init ] --START--
INFO: Run Behavior\BuildLiteBehavior [ RunTime:0.000136s ]
INFO: [ app_init ] --END-- [ RunTime:0.002100s ]
ERR: 无法加载模块:Public

[ 2015-07-09T18:59:36+08:00 ] ::1 /academic/Public/images/square.gif
INFO: [ app_init ] --START--
INFO: Run Behavior\BuildLiteBehavior [ RunTime:0.000109s ]
INFO: [ app_init ] --END-- [ RunTime:0.001833s ]
ERR: 无法加载模块:Public

[ 2015-07-09T19:00:25+08:00 ] ::1 /academic/Public/images/square.gif
INFO: [ app_init ] --START--
INFO: Run Behavior\BuildLiteBehavior [ RunTime:0.000141s ]
INFO: [ app_init ] --END-- [ RunTime:0.008722s ]
ERR: 无法加载模块:Public

[ 2015-07-09T19:19:18+08:00 ] ::1 /academic/Public/images/square.gif
INFO: [ app_init ] --START--
INFO: Run Behavior\BuildLiteBehavior [ RunTime:0.000238s ]
INFO: [ app_init ] --END-- [ RunTime:0.002392s ]
ERR: 无法加载模块:Public

[ 2015-07-09T19:19:35+08:00 ] ::1 /academic/Public/images/square.gif
INFO: [ app_init ] --START--
INFO: Run Behavior\BuildLiteBehavior [ RunTime:0.000072s ]
INFO: [ app_init ] --END-- [ RunTime:0.001308s ]
ERR: 无法加载模块:Public

